2026-02-17T20:03:39.013332 | ciclo=chat | load=0.2367 | damage=0.0
2026-02-17T20:07:04.959548 | ciclo=chat | load=0.2518 | damage=0.0
2026-02-18T02:09:07.976586 | ciclo=repouso | load=0.2383 | damage=0.0
2026-02-18T02:28:01.553913 | ciclo=repouso | load=0.2282 | damage=0.0
2026-02-18T10:43:24.903259 | ciclo=vigilia | load=0.2609 | damage=0.0
2026-02-18T10:58:39.203865 | ciclo=vigilia | load=0.2811 | damage=0.0
2026-02-23T17:03:55.481287 | ciclo=chat | load=0.3345 | damage=0.0
2026-02-23T17:04:06.714293 | ciclo=vigilia | load=0.3279 | damage=0.0
2026-02-23T17:04:14.254192 | ciclo=vigilia | load=0.3405 | damage=0.0
2026-02-23T17:05:06.828880 | ciclo=vigilia | load=0.3551 | damage=0.0
2026-02-23T17:06:12.099410 | ciclo=vigilia | load=0.3418 | damage=0.0
2026-02-23T17:07:08.923080 | ciclo=vigilia | load=0.3602 | damage=0.0
2026-02-23T17:07:17.995849 | ciclo=vigilia | load=0.3754 | damage=0.0
2026-02-23T17:07:58.063249 | ciclo=vigilia | load=0.3875 | damage=0.0
2026-02-23T17:09:22.976054 | ciclo=chat | load=0.3463 | damage=0.0
2026-02-23T17:09:34.430613 | ciclo=vigilia | load=0.3988 | damage=0.0
2026-02-23T17:10:11.821156 | ciclo=vigilia | load=0.4083 | damage=0.0
2026-02-23T17:12:03.671388 | ciclo=chat | load=0.363 | damage=0.0
2026-02-23T17:12:07.011279 | ciclo=vigilia | load=0.4237 | damage=0.0
2026-02-23T17:12:23.006187 | ciclo=vigilia | load=0.4338 | damage=0.0
2026-02-23T17:13:03.949779 | ciclo=vigilia | load=0.4661 | damage=0.0
2026-02-23T17:13:41.905120 | ciclo=chat | load=0.3794 | damage=0.0
2026-02-23T17:14:03.338345 | ciclo=vigilia | load=0.4532 | damage=0.0
2026-02-23T17:14:20.876672 | ciclo=vigilia | load=0.4843 | damage=0.0
2026-02-23T17:15:35.014966 | ciclo=chat | load=0.3926 | damage=0.0
2026-02-23T17:16:03.372708 | ciclo=vigilia | load=0.4937 | damage=0.0
2026-02-23T17:16:23.392186 | ciclo=vigilia | load=0.5068 | damage=0.0
2026-02-23T17:17:40.640176 | ciclo=chat | load=0.4088 | damage=0.0
2026-02-23T17:18:11.789094 | ciclo=vigilia | load=0.52 | damage=0.0
2026-02-23T17:18:36.458910 | ciclo=vigilia | load=0.5387 | damage=0.0
2026-02-23T17:20:22.022389 | ciclo=chat | load=0.427 | damage=0.0
2026-02-23T17:20:51.117049 | ciclo=vigilia | load=0.5726 | damage=0.0
2026-02-23T17:20:54.959123 | ciclo=vigilia | load=0.5486 | damage=0.0
2026-02-23T17:22:00.443770 | ciclo=chat | load=0.4457 | damage=0.0
2026-02-23T17:23:55.934337 | ciclo=vigilia | load=0.5503 | damage=0.0005
2026-02-23T17:24:00.923882 | ciclo=vigilia | load=0.5759 | damage=0.0
2026-02-23T17:25:59.727587 | ciclo=vigilia | load=0.5775 | damage=0.0005
2026-02-23T17:26:22.515350 | ciclo=vigilia | load=0.5512 | damage=0.0011
2026-02-23T17:28:13.321574 | ciclo=vigilia | load=0.5558 | damage=0.0016
2026-02-23T17:28:32.920582 | ciclo=vigilia | load=0.5863 | damage=0.0011
2026-02-23T17:30:24.441263 | ciclo=vigilia | load=0.5881 | damage=0.0016
2026-02-23T17:30:48.546507 | ciclo=vigilia | load=0.5698 | damage=0.0034
2026-02-23T17:32:32.349026 | ciclo=vigilia | load=0.5742 | damage=0.0042
2026-02-23T17:32:53.337624 | ciclo=vigilia | load=0.5521 | damage=0.0041
2026-02-23T17:33:55.423605 | ciclo=vigilia | load=0.5756 | damage=0.0055
2026-02-23T17:34:28.636906 | ciclo=chat | load=0.5485 | damage=0.0045
2026-02-23T17:35:17.358359 | ciclo=vigilia | load=0.5596 | damage=0.0055
2026-02-23T17:35:24.967958 | ciclo=vigilia | load=0.5436 | damage=0.006
2026-02-23T17:35:28.959913 | ciclo=vigilia | load=0.5892 | damage=0.0041
2026-02-23T17:36:23.445508 | ciclo=chat | load=0.5656 | damage=0.0045
2026-02-23T17:37:10.023329 | ciclo=vigilia | load=0.5688 | damage=0.006
2026-02-23T17:38:05.683124 | ciclo=vigilia | load=0.5919 | damage=0.006
2026-02-23T17:38:10.014688 | ciclo=vigilia | load=0.5886 | damage=0.0055
2026-02-23T17:38:28.504767 | ciclo=vigilia | load=0.5772 | damage=0.007
2026-02-23T17:39:37.128123 | ciclo=chat | load=0.5779 | damage=0.0045
2026-02-23T17:41:28.065347 | ciclo=chat | load=0.5467 | damage=0.0047
2026-02-23T17:41:59.919276 | ciclo=vigilia | load=0.5606 | damage=0.0084
2026-02-23T17:42:07.624622 | ciclo=vigilia | load=0.5741 | damage=0.0082
2026-02-23T17:43:21.865112 | ciclo=vigilia | load=0.5823 | damage=0.0077
2026-02-23T17:44:11.344158 | ciclo=vigilia | load=0.5899 | damage=0.0084
2026-02-23T17:44:27.828284 | ciclo=vigilia | load=0.5568 | damage=0.0093
2026-02-23T17:45:29.643817 | ciclo=chat | load=0.5607 | damage=0.0047
2026-02-23T17:46:08.189236 | ciclo=vigilia | load=0.5583 | damage=0.009
2026-02-23T17:46:28.637283 | ciclo=vigilia | load=0.5884 | damage=0.0123
2026-02-23T17:47:23.019385 | ciclo=vigilia | load=0.5549 | damage=0.0102
2026-02-23T17:48:14.571314 | ciclo=vigilia | load=0.589 | damage=0.009
2026-02-23T17:48:41.689193 | ciclo=vigilia | load=0.5694 | damage=0.015
2026-02-23T17:49:36.535159 | ciclo=vigilia | load=0.5456 | damage=0.0104
2026-02-23T17:50:30.358791 | ciclo=vigilia | load=0.5754 | damage=0.0117
2026-02-23T17:50:55.478777 | ciclo=vigilia | load=0.5544 | damage=0.0159
2026-02-23T17:51:45.204890 | ciclo=vigilia | load=0.5752 | damage=0.0104
2026-02-23T17:53:20.946729 | ciclo=chat | load=0.5736 | damage=0.0047
2026-02-23T17:53:31.035749 | ciclo=vigilia | load=0.561 | damage=0.0132
2026-02-23T17:53:45.076830 | ciclo=vigilia | load=0.5441 | damage=0.0159
2026-02-23T17:53:57.695734 | ciclo=vigilia | load=0.5659 | damage=0.0123
2026-02-23T17:55:25.055679 | ciclo=vigilia | load=0.5498 | damage=0.0137
2026-02-23T17:56:04.874840 | ciclo=vigilia | load=0.5803 | damage=0.0159
2026-02-23T17:57:01.784904 | ciclo=chat | load=0.5909 | damage=0.0047
2026-02-23T17:57:08.786519 | ciclo=vigilia | load=0.5538 | damage=0.0131
2026-02-23T17:58:04.934835 | ciclo=vigilia | load=0.5465 | damage=0.0139
2026-02-23T17:58:49.959878 | ciclo=chat | load=0.5568 | damage=0.0058
2026-02-23T17:59:35.076560 | ciclo=vigilia | load=0.5628 | damage=0.0176
2026-02-23T17:59:38.568748 | ciclo=vigilia | load=0.5896 | damage=0.0131
2026-02-23T18:00:52.747908 | ciclo=vigilia | load=0.5746 | damage=0.0139
2026-02-23T18:01:05.912155 | ciclo=introspeccao | load=0.5816 | damage=0.0169
2026-02-23T18:01:48.528966 | ciclo=introspeccao | load=0.5592 | damage=0.0189
2026-02-23T18:02:35.330939 | ciclo=introspeccao | load=0.5494 | damage=0.0179
2026-02-23T18:03:18.407079 | ciclo=introspeccao | load=0.565 | damage=0.0163
2026-02-23T18:03:35.984895 | ciclo=introspeccao | load=0.5861 | damage=0.0189
2026-02-23T18:04:10.369286 | ciclo=introspeccao | load=0.5738 | damage=0.0179
2026-02-23T18:04:48.161047 | ciclo=introspeccao | load=0.5398 | damage=0.0164
2026-02-23T18:05:09.370133 | ciclo=introspeccao | load=0.5603 | damage=0.0203
2026-02-23T18:05:54.797856 | ciclo=introspeccao | load=0.5517 | damage=0.0191
2026-02-23T18:06:28.687487 | ciclo=chat | load=0.564 | damage=0.0058
2026-02-23T18:07:37.191757 | ciclo=introspeccao | load=0.5749 | damage=0.0203
2026-02-23T18:07:43.553216 | ciclo=introspeccao | load=0.564 | damage=0.0164
2026-02-23T18:07:55.238174 | ciclo=introspeccao | load=0.5755 | damage=0.0191
2026-02-23T18:09:18.828182 | ciclo=introspeccao | load=0.5543 | damage=0.0212
2026-02-23T18:09:47.955807 | ciclo=introspeccao | load=0.539 | damage=0.0165
2026-02-23T18:09:51.702797 | ciclo=introspeccao | load=0.5544 | damage=0.0205
2026-02-23T18:10:48.300884 | ciclo=introspeccao | load=0.584 | damage=0.0212
2026-02-23T18:11:37.765200 | ciclo=introspeccao | load=0.5643 | damage=0.0165
2026-02-23T18:11:41.978206 | ciclo=introspeccao | load=0.5812 | damage=0.0205
2026-02-23T18:12:14.077014 | ciclo=introspeccao | load=0.5686 | damage=0.0233
2026-02-23T18:13:30.464878 | ciclo=introspeccao | load=0.5561 | damage=0.0221
2026-02-23T18:13:35.328823 | ciclo=introspeccao | load=0.538 | damage=0.0165
2026-02-23T18:13:59.599574 | ciclo=introspeccao | load=0.5509 | damage=0.0239
2026-02-23T18:15:07.842273 | ciclo=introspeccao | load=0.5841 | damage=0.0221
2026-02-23T18:15:28.646393 | ciclo=introspeccao | load=0.5655 | damage=0.0165
2026-02-23T18:15:39.460063 | ciclo=introspeccao | load=0.5825 | damage=0.0239
2026-02-23T18:16:39.720791 | ciclo=introspeccao | load=0.5598 | damage=0.024
2026-02-23T18:17:27.247409 | ciclo=introspeccao | load=0.5443 | damage=0.0171
2026-02-23T18:17:36.980757 | ciclo=introspeccao | load=0.5671 | damage=0.0259
2026-02-23T18:18:08.946004 | ciclo=introspeccao | load=0.5813 | damage=0.024
2026-02-23T18:19:27.525194 | ciclo=introspeccao | load=0.5616 | damage=0.0171
2026-02-23T18:19:43.492218 | ciclo=introspeccao | load=0.5499 | damage=0.0264
2026-02-23T18:19:54.928990 | ciclo=introspeccao | load=0.5595 | damage=0.0258
2026-02-23T18:21:18.026910 | ciclo=introspeccao | load=0.5469 | damage=0.0173
2026-02-23T18:21:47.413345 | ciclo=introspeccao | load=0.588 | damage=0.0258
2026-02-23T18:21:51.371678 | ciclo=introspeccao | load=0.5778 | damage=0.0264
2026-02-23T18:22:48.905549 | ciclo=introspeccao | load=0.5754 | damage=0.0173
2026-02-23T18:23:31.554872 | ciclo=introspeccao | load=0.5564 | damage=0.0275
2026-02-23T18:23:36.226255 | ciclo=introspeccao | load=0.5629 | damage=0.028
2026-02-23T18:24:17.251639 | ciclo=introspeccao | load=0.5545 | damage=0.0182
2026-02-23T18:25:09.535447 | ciclo=introspeccao | load=0.5886 | damage=0.0275
2026-02-23T18:25:40.184572 | ciclo=introspeccao | load=0.544 | damage=0.028
2026-02-23T18:25:52.510015 | ciclo=introspeccao | load=0.5819 | damage=0.0182
2026-02-23T18:26:34.098758 | ciclo=introspeccao | load=0.5668 | damage=0.0295
2026-02-23T18:27:18.519200 | ciclo=introspeccao | load=0.5713 | damage=0.028
2026-02-23T18:27:30.668325 | ciclo=introspeccao | load=0.5663 | damage=0.0202
2026-02-23T18:27:56.624790 | ciclo=introspeccao | load=0.5526 | damage=0.0303
2026-02-23T18:28:59.030626 | ciclo=introspeccao | load=0.551 | damage=0.0286
2026-02-23T18:29:16.663583 | ciclo=introspeccao | load=0.5494 | damage=0.0206
2026-02-23T18:29:38.938390 | ciclo=introspeccao | load=0.5799 | damage=0.0303
2026-02-23T18:30:39.549399 | ciclo=introspeccao | load=0.5855 | damage=0.0286
2026-02-23T18:31:06.024693 | ciclo=introspeccao | load=0.5857 | damage=0.0206
2026-02-23T18:31:20.393712 | ciclo=introspeccao | load=0.5663 | damage=0.0322
2026-02-23T18:32:12.207807 | ciclo=introspeccao | load=0.5704 | damage=0.0309
2026-02-23T18:33:02.526425 | ciclo=introspeccao | load=0.5669 | damage=0.0226
2026-02-23T18:33:10.477794 | ciclo=introspeccao | load=0.5452 | damage=0.0323
2026-02-23T18:33:43.009026 | ciclo=introspeccao | load=0.554 | damage=0.0318
2026-02-23T18:34:53.775625 | ciclo=introspeccao | load=0.5506 | damage=0.0232
2026-02-23T18:35:12.582828 | ciclo=introspeccao | load=0.5737 | damage=0.0323
2026-02-23T18:35:27.184320 | ciclo=introspeccao | load=0.5904 | damage=0.0318
2026-02-23T18:36:16.374953 | ciclo=introspeccao | load=0.5779 | damage=0.0232
2026-02-23T18:36:56.332503 | ciclo=introspeccao | load=0.5577 | damage=0.0335
2026-02-23T18:37:11.620765 | ciclo=introspeccao | load=0.5741 | damage=0.0344
2026-02-23T18:37:37.042172 | ciclo=introspeccao | load=0.5594 | damage=0.0245
2026-02-23T18:38:38.774106 | ciclo=introspeccao | load=0.5862 | damage=0.0335
2026-02-23T18:38:55.524770 | ciclo=introspeccao | load=0.5824 | damage=0.0377
2026-02-23T18:39:21.393007 | ciclo=introspeccao | load=0.5471 | damage=0.0248
2026-02-23T18:40:22.400880 | ciclo=introspeccao | load=0.566 | damage=0.0354
2026-02-23T18:40:51.230140 | ciclo=introspeccao | load=0.5641 | damage=0.0395
2026-02-23T18:41:04.312998 | ciclo=introspeccao | load=0.5759 | damage=0.0248
2026-02-23T18:41:49.088643 | ciclo=introspeccao | load=0.5482 | damage=0.0358
2026-02-23T18:42:37.490578 | ciclo=introspeccao | load=0.5753 | damage=0.0422
2026-02-23T18:42:45.273466 | ciclo=introspeccao | load=0.5595 | damage=0.0262
2026-02-23T18:43:09.828136 | ciclo=introspeccao | load=0.5818 | damage=0.0358
2026-02-23T18:44:28.667865 | ciclo=introspeccao | load=0.5887 | damage=0.0461
2026-02-23T18:44:53.032110 | ciclo=introspeccao | load=0.592 | damage=0.0262
2026-02-23T18:45:01.566683 | ciclo=introspeccao | load=0.5627 | damage=0.0374
2026-02-23T18:46:00.931403 | ciclo=introspeccao | load=0.5734 | damage=0.0487
2026-02-23T18:46:56.322269 | ciclo=introspeccao | load=0.5754 | damage=0.0289
2026-02-23T18:47:01.444836 | ciclo=introspeccao | load=0.5912 | damage=0.0374
2026-02-23T18:47:30.660561 | ciclo=introspeccao | load=0.5623 | damage=0.0503
2026-02-23T18:48:54.817667 | ciclo=introspeccao | load=0.5573 | damage=0.0301
2026-02-23T18:49:06.189935 | ciclo=introspeccao | load=0.5711 | damage=0.0397
2026-02-23T18:49:25.753200 | ciclo=introspeccao | load=0.5742 | damage=0.0529
2026-02-23T18:50:51.706806 | ciclo=introspeccao | load=0.5896 | damage=0.0301
2026-02-23T18:51:12.258424 | ciclo=introspeccao | load=0.5839 | damage=0.0432
2026-02-23T18:51:15.970643 | ciclo=introspeccao | load=0.5634 | damage=0.0546
2026-02-23T18:52:42.238951 | ciclo=introspeccao | load=0.5663 | damage=0.0325
2026-02-23T18:53:07.533077 | ciclo=introspeccao | load=0.5956 | damage=0.0477
2026-02-23T18:53:10.309644 | ciclo=introspeccao | load=0.554 | damage=0.0554
2026-02-23T18:54:04.753741 | ciclo=introspeccao | load=0.5507 | damage=0.0331
2026-02-23T18:54:56.525620 | ciclo=introspeccao | load=0.579 | damage=0.0507
2026-02-23T18:55:00.853288 | ciclo=introspeccao | load=0.5456 | damage=0.0556
2026-02-23T18:55:29.643066 | ciclo=introspeccao | load=0.5851 | damage=0.0331
2026-02-23T18:56:36.926195 | ciclo=introspeccao | load=0.5932 | damage=0.055
2026-02-23T18:57:01.433119 | ciclo=introspeccao | load=0.5806 | damage=0.0556
2026-02-23T18:57:19.492393 | ciclo=introspeccao | load=0.5642 | damage=0.0354
2026-02-23T18:58:17.458408 | ciclo=introspeccao | load=0.6073 | damage=0.0605
2026-02-23T18:58:49.282097 | ciclo=introspeccao | load=0.5937 | damage=0.0599
2026-02-23T18:59:05.174248 | ciclo=introspeccao | load=0.5466 | damage=0.0356
2026-02-23T18:59:43.238412 | ciclo=introspeccao | load=0.5891 | damage=0.0645
2026-02-23T19:00:30.002504 | ciclo=introspeccao | load=0.5803 | damage=0.0631
2026-02-23T19:00:44.341607 | ciclo=introspeccao | load=0.5806 | damage=0.0356
2026-02-23T19:01:09.877973 | ciclo=introspeccao | load=0.5773 | damage=0.0673
2026-02-23T19:02:15.708623 | ciclo=introspeccao | load=0.5635 | damage=0.0647
2026-02-23T19:02:41.481189 | ciclo=introspeccao | load=0.5654 | damage=0.0375
2026-02-23T19:03:00.339171 | ciclo=introspeccao | load=0.5603 | damage=0.0688
2026-02-23T19:03:41.181253 | ciclo=introspeccao | load=0.5523 | damage=0.0655
2026-02-23T19:04:23.420810 | ciclo=introspeccao | load=0.5402 | damage=0.0377
2026-02-23T19:04:39.873789 | ciclo=introspeccao | load=0.5505 | damage=0.0693
2026-02-23T19:05:13.338012 | ciclo=introspeccao | load=0.5904 | damage=0.0655
2026-02-23T19:05:48.564274 | ciclo=introspeccao | load=0.5718 | damage=0.0377
2026-02-23T19:06:13.241972 | ciclo=introspeccao | load=0.5794 | damage=0.0693
2026-02-23T19:06:47.260899 | ciclo=introspeccao | load=0.5779 | damage=0.0684
2026-02-23T19:07:21.296391 | ciclo=introspeccao | load=0.5565 | damage=0.0388
2026-02-23T19:07:48.862477 | ciclo=introspeccao | load=0.5655 | damage=0.0712
2026-02-23T19:08:18.928272 | ciclo=introspeccao | load=0.5926 | damage=0.0726
2026-02-23T19:08:53.163822 | ciclo=introspeccao | load=0.5863 | damage=0.0388
2026-02-23T19:09:21.736338 | ciclo=introspeccao | load=0.5831 | damage=0.0746
2026-02-23T19:09:47.163951 | ciclo=introspeccao | load=0.5759 | damage=0.0754
2026-02-23T19:10:20.472899 | ciclo=introspeccao | load=0.5617 | damage=0.0408
2026-02-23T19:10:47.092850 | ciclo=introspeccao | load=0.6028 | damage=0.0797
2026-02-23T19:11:08.370640 | ciclo=introspeccao | load=0.5583 | damage=0.0766
2026-02-23T19:11:52.118963 | ciclo=introspeccao | load=0.5913 | damage=0.0408
2026-02-23T19:12:19.762362 | ciclo=introspeccao | load=0.5844 | damage=0.0832
2026-02-23T19:12:41.831947 | ciclo=introspeccao | load=0.576 | damage=0.0794
2026-02-23T19:13:21.248379 | ciclo=introspeccao | load=0.6034 | damage=0.046
2026-02-23T19:14:01.884995 | ciclo=introspeccao | load=0.5704 | damage=0.0855
2026-02-23T19:14:12.762869 | ciclo=introspeccao | load=0.5633 | damage=0.0811
2026-02-23T19:14:49.455769 | ciclo=introspeccao | load=0.6127 | damage=0.052
2026-02-23T19:15:39.415542 | ciclo=introspeccao | load=0.5564 | damage=0.0866
2026-02-23T19:15:56.592446 | ciclo=introspeccao | load=0.5509 | damage=0.0817
2026-02-23T19:16:17.763887 | ciclo=introspeccao | load=0.5871 | damage=0.0562
2026-02-23T19:17:14.256863 | ciclo=introspeccao | load=0.5442 | damage=0.0866
2026-02-23T19:17:46.554018 | ciclo=introspeccao | load=0.5842 | damage=0.0817
2026-02-23T19:18:00.817217 | ciclo=introspeccao | load=0.5739 | damage=0.0588
2026-02-23T19:18:41.970973 | ciclo=introspeccao | load=0.5833 | damage=0.0866
2026-02-23T19:19:25.427609 | ciclo=introspeccao | load=0.5682 | damage=0.0838
2026-02-23T19:19:40.791379 | ciclo=introspeccao | load=0.5876 | damage=0.0626
2026-02-23T19:20:07.078017 | ciclo=introspeccao | load=0.6007 | damage=0.0915
2026-02-23T19:21:12.474726 | ciclo=introspeccao | load=0.556 | damage=0.0849
2026-02-23T19:21:49.537475 | ciclo=introspeccao | load=0.5697 | damage=0.0654
2026-02-23T19:21:58.129134 | ciclo=introspeccao | load=0.6151 | damage=0.0977
2026-02-23T19:22:43.710713 | ciclo=introspeccao | load=0.5716 | damage=0.0873
2026-02-23T19:23:25.617442 | ciclo=introspeccao | load=0.5538 | damage=0.0662
2026-02-23T19:23:40.330910 | ciclo=introspeccao | load=0.6288 | damage=0.1051
2026-02-23T19:24:12.875768 | ciclo=introspeccao | load=0.5886 | damage=0.0911
2026-02-23T19:25:06.936272 | ciclo=introspeccao | load=0.5885 | damage=0.0662
2026-02-23T19:25:35.781212 | ciclo=introspeccao | load=0.6159 | damage=0.1114
2026-02-23T19:25:52.535005 | ciclo=introspeccao | load=0.5795 | damage=0.0942
2026-02-23T19:26:30.211881 | ciclo=introspeccao | load=0.5704 | damage=0.0685
2026-02-23T19:27:05.175344 | ciclo=introspeccao | load=0.5505 | damage=0.1172
2026-02-23T19:27:27.739798 | ciclo=introspeccao | load=0.5629 | damage=0.0959
2026-02-23T19:27:58.318663 | ciclo=introspeccao | load=0.5567 | damage=0.0696
2026-02-23T19:28:32.604832 | ciclo=introspeccao | load=0.5865 | damage=0.1172
2026-02-23T19:29:01.730686 | ciclo=introspeccao | load=0.5483 | damage=0.0962
2026-02-23T19:29:28.158284 | ciclo=introspeccao | load=0.5443 | damage=0.0696
2026-02-23T19:30:06.678547 | ciclo=introspeccao | load=0.5744 | damage=0.1199
2026-02-23T19:30:32.531358 | ciclo=introspeccao | load=0.5831 | damage=0.0962
2026-02-23T19:30:57.424346 | ciclo=introspeccao | load=0.5808 | damage=0.0696
2026-02-23T19:31:34.019464 | ciclo=introspeccao | load=0.558 | damage=0.1211
2026-02-23T19:32:01.352325 | ciclo=introspeccao | load=0.5971 | damage=0.1009
2026-02-23T19:32:30.048829 | ciclo=introspeccao | load=0.591 | damage=0.0737
2026-02-23T19:33:03.612821 | ciclo=introspeccao | load=0.5455 | damage=0.1212
2026-02-23T19:33:26.543767 | ciclo=introspeccao | load=0.6116 | damage=0.1067
2026-02-23T19:34:00.924858 | ciclo=introspeccao | load=0.5766 | damage=0.0766
2026-02-23T19:34:38.410912 | ciclo=introspeccao | load=0.582 | damage=0.1212
2026-02-23T19:35:03.229424 | ciclo=introspeccao | load=0.6261 | damage=0.1139
2026-02-23T19:35:27.973968 | ciclo=introspeccao | load=0.5926 | damage=0.0808
2026-02-23T19:36:01.572577 | ciclo=introspeccao | load=0.5699 | damage=0.1235
2026-02-23T19:36:36.987787 | ciclo=introspeccao | load=0.6124 | damage=0.1198
2026-02-23T19:37:01.084980 | ciclo=introspeccao | load=0.5798 | damage=0.0839
2026-02-23T19:37:29.100643 | ciclo=introspeccao | load=0.5896 | damage=0.1275
2026-02-23T19:38:04.428534 | ciclo=introspeccao | load=0.6283 | damage=0.1272
2026-02-23T19:38:30.083342 | ciclo=introspeccao | load=0.5891 | damage=0.0884
2026-02-23T19:38:58.543959 | ciclo=introspeccao | load=0.5722 | damage=0.1299
2026-02-23T19:39:33.809795 | ciclo=introspeccao | load=0.6133 | damage=0.1332
2026-02-23T19:40:02.788697 | ciclo=introspeccao | load=0.5794 | damage=0.0914
2026-02-23T19:40:29.521434 | ciclo=introspeccao | load=0.5619 | damage=0.1315
2026-02-23T19:40:58.098382 | ciclo=introspeccao | load=0.6033 | damage=0.1383
2026-02-23T19:41:30.139755 | ciclo=introspeccao | load=0.5686 | damage=0.0936
2026-02-23T19:41:58.779062 | ciclo=introspeccao | load=0.5792 | damage=0.1345
2026-02-23T19:42:28.008807 | ciclo=introspeccao | load=0.5911 | damage=0.1424
2026-02-23T19:42:54.612209 | ciclo=introspeccao | load=0.5582 | damage=0.0948
2026-02-23T19:43:23.885097 | ciclo=introspeccao | load=0.5671 | damage=0.1365
2026-02-23T19:43:55.258485 | ciclo=introspeccao | load=0.5789 | damage=0.1455
2026-02-23T19:44:22.427938 | ciclo=introspeccao | load=0.5462 | damage=0.095
2026-02-23T19:44:56.080805 | ciclo=introspeccao | load=0.5879 | damage=0.1403
2026-02-23T19:45:19.680869 | ciclo=introspeccao | load=0.5628 | damage=0.1471
2026-02-23T19:45:51.584236 | ciclo=introspeccao | load=0.5677 | damage=0.0971
2026-02-23T19:46:32.009295 | ciclo=introspeccao | load=0.6088 | damage=0.146
2026-02-23T19:46:51.239504 | ciclo=introspeccao | load=0.5496 | damage=0.1476
2026-02-23T19:47:18.744955 | ciclo=introspeccao | load=0.5764 | damage=0.1004
2026-02-23T19:48:02.274858 | ciclo=introspeccao | load=0.6255 | damage=0.1531
2026-02-23T19:48:35.451034 | ciclo=introspeccao | load=0.5826 | damage=0.1476
2026-02-23T19:48:50.636214 | ciclo=introspeccao | load=0.562 | damage=0.102
2026-02-23T19:49:35.036387 | ciclo=introspeccao | load=0.61 | damage=0.1588
2026-02-23T19:50:13.359326 | ciclo=introspeccao | load=0.5668 | damage=0.1496
2026-02-23T19:50:28.017683 | ciclo=introspeccao | load=0.5777 | damage=0.1049
2026-02-23T19:51:08.166868 | ciclo=introspeccao | load=0.5962 | damage=0.1634
2026-02-23T19:51:38.664794 | ciclo=introspeccao | load=0.5567 | damage=0.1507
2026-02-23T19:51:59.230587 | ciclo=introspeccao | load=0.5643 | damage=0.1072
2026-02-23T19:52:39.519548 | ciclo=introspeccao | load=0.5883 | damage=0.1672
2026-02-23T19:53:10.092376 | ciclo=introspeccao | load=0.5792 | damage=0.1537
2026-02-23T19:53:26.706954 | ciclo=introspeccao | load=0.5569 | damage=0.1083
2026-02-23T19:54:08.841779 | ciclo=introspeccao | load=0.5812 | damage=0.1704
2026-02-23T19:54:45.700658 | ciclo=introspeccao | load=0.5667 | damage=0.1557
2026-02-23T19:54:58.144345 | ciclo=introspeccao | load=0.5901 | damage=0.1083
2026-02-23T19:55:37.843559 | ciclo=introspeccao | load=0.5996 | damage=0.1753
2026-02-23T19:56:24.413306 | ciclo=introspeccao | load=0.5845 | damage=0.1592
2026-02-23T19:56:41.261999 | ciclo=introspeccao | load=0.5733 | damage=0.1109
2026-02-23T19:57:04.459716 | ciclo=introspeccao | load=0.5865 | damage=0.179
2026-02-23T19:58:08.448068 | ciclo=introspeccao | load=0.6026 | damage=0.1643
2026-02-23T19:58:39.746585 | ciclo=introspeccao | load=0.5887 | damage=0.1147
2026-02-23T19:58:47.454520 | ciclo=introspeccao | load=0.6075 | damage=0.1845
2026-02-23T19:59:42.264132 | ciclo=introspeccao | load=0.5911 | damage=0.1684
2026-02-23T20:00:28.734882 | ciclo=introspeccao | load=0.5797 | damage=0.1178
2026-02-23T20:00:36.497899 | ciclo=introspeccao | load=0.5986 | damage=0.1893
2026-02-23T20:01:14.806644 | ciclo=introspeccao | load=0.5764 | damage=0.1712
2026-02-23T20:02:23.348295 | ciclo=introspeccao | load=0.5587 | damage=0.1197
2026-02-23T20:02:44.025711 | ciclo=introspeccao | load=0.5896 | damage=0.1932
2026-02-23T20:02:56.871057 | ciclo=introspeccao | load=0.5698 | damage=0.1735
2026-02-23T20:04:08.381030 | ciclo=introspeccao | load=0.5464 | damage=0.1199
2026-02-23T20:04:44.605500 | ciclo=introspeccao | load=0.5749 | damage=0.1959
2026-02-23T20:04:55.902491 | ciclo=introspeccao | load=0.5544 | damage=0.1744
2026-02-23T20:05:33.471210 | ciclo=introspeccao | load=0.573 | damage=0.1199
2026-02-23T20:06:38.112254 | ciclo=introspeccao | load=0.5627 | damage=0.1975
2026-02-23T20:06:44.661846 | ciclo=introspeccao | load=0.5899 | damage=0.1744
2026-02-23T20:07:08.237204 | ciclo=introspeccao | load=0.5882 | damage=0.1242
2026-02-23T20:08:34.677186 | ciclo=introspeccao | load=0.5891 | damage=0.2014
2026-02-23T20:08:44.531873 | ciclo=introspeccao | load=0.5778 | damage=0.1773
2026-02-23T20:09:02.664688 | ciclo=introspeccao | load=0.6062 | damage=0.1296
2026-02-23T20:10:31.135667 | ciclo=introspeccao | load=0.5802 | damage=0.2046
2026-02-23T20:10:50.070303 | ciclo=introspeccao | load=0.5602 | damage=0.1787
2026-02-23T20:10:58.240337 | ciclo=introspeccao | load=0.5908 | damage=0.1342
2026-02-23T20:12:18.492648 | ciclo=introspeccao | load=0.5986 | damage=0.2093
2026-02-23T20:12:46.407045 | ciclo=introspeccao | load=0.5848 | damage=0.1823
2026-02-23T20:12:55.562530 | ciclo=introspeccao | load=0.5819 | damage=0.1375
2026-02-23T20:13:41.471553 | ciclo=introspeccao | load=0.6219 | damage=0.2161
2026-02-23T20:14:39.826640 | ciclo=introspeccao | load=0.5712 | damage=0.1846
2026-02-23T20:14:51.006041 | ciclo=introspeccao | load=0.5616 | damage=0.1396
2026-02-23T20:15:17.969526 | ciclo=introspeccao | load=0.6396 | damage=0.2244
2026-02-23T20:16:20.029431 | ciclo=introspeccao | load=0.5613 | damage=0.1862
2026-02-23T20:16:45.770133 | ciclo=introspeccao | load=0.5476 | damage=0.1399
2026-02-23T20:17:00.472436 | ciclo=introspeccao | load=0.6276 | damage=0.2317
2026-02-23T20:17:40.277677 | ciclo=introspeccao | load=0.5503 | damage=0.1867
2026-02-23T20:18:27.908966 | ciclo=introspeccao | load=0.5855 | damage=0.1399
2026-02-23T20:18:40.743794 | ciclo=introspeccao | load=0.6447 | damage=0.2405
2026-02-23T20:19:04.771125 | ciclo=introspeccao | load=0.5886 | damage=0.1867
2026-02-23T20:20:11.217501 | ciclo=introspeccao | load=0.5474 | damage=0.1452
2026-02-23T20:20:42.094067 | ciclo=introspeccao | load=0.6355 | damage=0.2484
2026-02-23T20:20:45.530917 | ciclo=introspeccao | load=0.5706 | damage=0.189
2026-02-23T20:21:40.037066 | ciclo=introspeccao | load=0.5848 | damage=0.1452
2026-02-23T20:22:30.025779 | ciclo=introspeccao | load=0.5882 | damage=0.1929
2026-02-23T20:22:34.079003 | ciclo=introspeccao | load=0.6554 | damage=0.2581
2026-02-23T20:23:08.533912 | ciclo=introspeccao | load=0.5696 | damage=0.1479
2026-02-23T20:24:29.391740 | ciclo=introspeccao | load=0.5771 | damage=0.1957
2026-02-23T20:24:42.415149 | ciclo=introspeccao | load=0.5812 | damage=0.2695
2026-02-23T20:24:59.121730 | ciclo=introspeccao | load=0.5556 | damage=0.149
2026-02-23T20:26:11.198779 | ciclo=introspeccao | load=0.5674 | damage=0.1978
2026-02-23T20:26:42.989691 | ciclo=introspeccao | load=0.5756 | damage=0.2723
2026-02-23T20:26:46.993225 | ciclo=introspeccao | load=0.5691 | damage=0.1517
2026-02-23T20:27:41.317353 | ciclo=introspeccao | load=0.5508 | damage=0.1984
2026-02-23T20:28:34.161326 | ciclo=introspeccao | load=0.5688 | damage=0.2744
2026-02-23T20:28:38.685993 | ciclo=introspeccao | load=0.5537 | damage=0.1525
2026-02-23T20:29:07.437692 | ciclo=introspeccao | load=0.5898 | damage=0.1984
2026-02-23T20:30:29.602072 | ciclo=introspeccao | load=0.5622 | damage=0.276
2026-02-23T20:30:34.381230 | ciclo=introspeccao | load=0.5894 | damage=0.1525
2026-02-23T20:30:55.823691 | ciclo=introspeccao | load=0.6037 | damage=0.2035
2026-02-23T20:32:22.433907 | ciclo=introspeccao | load=0.5502 | damage=0.2765
2026-02-23T20:32:48.455024 | ciclo=introspeccao | load=0.6058 | damage=0.1579
2026-02-23T20:32:55.325947 | ciclo=introspeccao | load=0.5893 | damage=0.2075
2026-02-23T20:33:52.383163 | ciclo=introspeccao | load=0.584 | damage=0.2765
2026-02-23T20:34:45.735734 | ciclo=introspeccao | load=0.6104 | damage=0.2133
2026-02-23T20:34:48.841412 | ciclo=introspeccao | load=0.6273 | damage=0.1651
2026-02-23T20:35:20.075087 | ciclo=introspeccao | load=0.5689 | damage=0.2787
2026-02-23T20:36:38.006638 | ciclo=introspeccao | load=0.6422 | damage=0.1736
2026-02-23T20:36:42.519506 | ciclo=introspeccao | load=0.629 | damage=0.2206
2026-02-23T20:37:01.170529 | ciclo=introspeccao | load=0.5532 | damage=0.2795
2026-02-23T20:38:22.095777 | ciclo=introspeccao | load=0.5717 | damage=0.1834
2026-02-23T20:39:00.286805 | ciclo=introspeccao | load=0.6126 | damage=0.2266
2026-02-23T20:39:12.944715 | ciclo=chat | load=0.5764 | damage=0.0058
2026-02-23T20:39:17.420146 | ciclo=introspeccao | load=0.5878 | damage=0.2795
2026-02-23T20:39:48.898641 | ciclo=introspeccao | load=0.5677 | damage=0.1854
2026-02-23T20:40:42.615059 | ciclo=introspeccao | load=0.5972 | damage=0.2312
2026-02-23T20:40:53.768229 | ciclo=introspeccao | load=0.5741 | damage=0.2821
2026-02-23T20:41:17.544214 | ciclo=introspeccao | load=0.5887 | damage=0.1893
2026-02-23T20:42:20.980225 | ciclo=introspeccao | load=0.6168 | damage=0.2376
2026-02-23T20:42:35.468148 | ciclo=introspeccao | load=0.5589 | damage=0.2834
2026-02-23T20:42:59.147893 | ciclo=introspeccao | load=0.6179 | damage=0.1957
2026-02-23T20:44:16.141402 | ciclo=introspeccao | load=0.639 | damage=0.2458
2026-02-23T20:44:40.751236 | ciclo=chat | load=0.5499 | damage=0.0063
2026-02-23T20:44:52.851388 | ciclo=introspeccao | load=0.5445 | damage=0.2835
2026-02-23T20:45:11.418147 | ciclo=introspeccao | load=0.6089 | damage=0.2014
2026-02-23T20:45:38.533847 | ciclo=introspeccao | load=0.597 | damage=0.2601
2026-02-23T20:46:29.857031 | ciclo=introspeccao | load=0.5786 | damage=0.2835
2026-02-23T20:46:50.236060 | ciclo=chat | load=0.566 | damage=0.0063
2026-02-23T20:47:13.776319 | ciclo=introspeccao | load=0.629 | damage=0.2088
2026-02-23T20:47:32.970568 | ciclo=introspeccao | load=0.5898 | damage=0.2641
2026-02-23T20:48:11.571907 | ciclo=introspeccao | load=0.5655 | damage=0.2853
2026-02-23T20:48:30.331797 | ciclo=chat | load=0.582 | damage=0.0063
2026-02-23T20:49:36.748487 | ciclo=introspeccao | load=0.652 | damage=0.2182
2026-02-23T20:49:52.435489 | ciclo=introspeccao | load=0.5762 | damage=0.2669
2026-02-23T20:50:11.191649 | ciclo=introspeccao | load=0.5449 | damage=0.2854
2026-02-23T20:51:21.040612 | ciclo=chat | load=0.5548 | damage=0.0073
2026-02-23T20:52:13.248050 | ciclo=introspeccao | load=0.6702 | damage=0.2291
2026-02-23T20:52:33.708416 | ciclo=introspeccao | load=0.586 | damage=0.2854
2026-02-23T20:52:38.175326 | ciclo=introspeccao | load=0.5668 | damage=0.2689
2026-02-23T20:53:44.169513 | ciclo=introspeccao | load=0.6327 | damage=0.2499
2026-02-23T20:54:31.129800 | ciclo=introspeccao | load=0.5635 | damage=0.2876
2026-02-23T20:54:34.053640 | ciclo=introspeccao | load=0.5562 | damage=0.27
2026-02-23T20:55:09.198806 | ciclo=introspeccao | load=0.6601 | damage=0.26
2026-02-23T20:56:31.742472 | ciclo=introspeccao | load=0.5521 | damage=0.2883
2026-02-23T20:56:34.494030 | ciclo=introspeccao | load=0.5481 | damage=0.2703
2026-02-23T20:57:06.548403 | ciclo=chat | load=0.571 | damage=0.0073
2026-02-23T20:57:30.815489 | ciclo=introspeccao | load=0.6494 | damage=0.2692
2026-02-23T20:58:12.631541 | ciclo=introspeccao | load=0.5856 | damage=0.2883
2026-02-23T20:58:22.250396 | ciclo=introspeccao | load=0.5856 | damage=0.2703
2026-02-23T20:59:34.118322 | ciclo=chat | load=0.5477 | damage=0.0076
2026-02-23T20:59:41.516406 | ciclo=introspeccao | load=0.6419 | damage=0.2777
2026-02-23T21:00:35.506957 | ciclo=introspeccao | load=0.5677 | damage=0.2904
2026-02-23T21:00:39.437569 | ciclo=introspeccao | load=0.5589 | damage=0.2716
2026-02-23T21:01:08.772411 | ciclo=introspeccao | load=0.6325 | damage=0.2854
2026-02-23T21:02:19.380686 | ciclo=introspeccao | load=0.5506 | damage=0.291
2026-02-23T21:02:49.931304 | ciclo=introspeccao | load=0.5517 | damage=0.2723
2026-02-23T21:03:18.538408 | ciclo=chat | load=0.5653 | damage=0.0076
2026-02-23T21:03:54.661986 | ciclo=introspeccao | load=0.6211 | damage=0.2921
2026-02-23T21:04:28.632068 | ciclo=introspeccao | load=0.5846 | damage=0.291
2026-02-23T21:04:47.042890 | ciclo=introspeccao | load=0.5818 | damage=0.2723
2026-02-23T21:05:27.215016 | ciclo=introspeccao | load=0.6051 | damage=0.2974
2026-02-23T21:05:58.351790 | ciclo=introspeccao | load=0.5701 | damage=0.2932
2026-02-23T21:06:34.815119 | ciclo=introspeccao | load=0.5658 | damage=0.2742
2026-02-23T21:07:01.347315 | ciclo=chat | load=0.5872 | damage=0.0076
2026-02-23T21:07:50.304785 | ciclo=introspeccao | load=0.5944 | damage=0.3018
2026-02-23T21:07:57.417652 | ciclo=introspeccao | load=0.5537 | damage=0.2941
2026-02-23T21:09:03.815760 | ciclo=chat | load=0.5603 | damage=0.009
2026-02-23T21:09:07.738316 | ciclo=introspeccao | load=0.55 | damage=0.2747
2026-02-23T21:10:12.580877 | ciclo=introspeccao | load=0.5733 | damage=0.3049
2026-02-23T21:10:17.651281 | ciclo=introspeccao | load=0.5881 | damage=0.2941
2026-02-23T21:11:19.885190 | ciclo=chat | load=0.5835 | damage=0.009
2026-02-23T21:11:22.661715 | ciclo=introspeccao | load=0.5825 | damage=0.2747
2026-02-23T21:12:20.004826 | ciclo=introspeccao | load=0.5735 | damage=0.2966
2026-02-23T21:12:25.113441 | ciclo=introspeccao | load=0.553 | damage=0.3062
2026-02-23T21:13:34.515620 | ciclo=chat | load=0.5499 | damage=0.0095
2026-02-23T21:13:52.752041 | ciclo=introspeccao | load=0.5711 | damage=0.2771
2026-02-23T21:14:38.995722 | ciclo=introspeccao | load=0.5616 | damage=0.2982
2026-02-23T21:14:48.828149 | ciclo=introspeccao | load=0.5834 | damage=0.3062
2026-02-23T21:15:50.382002 | ciclo=chat | load=0.564 | damage=0.0095
2026-02-23T21:16:33.643145 | ciclo=introspeccao | load=0.5584 | damage=0.2783
2026-02-23T21:16:58.426697 | ciclo=introspeccao | load=0.591 | damage=0.2982
2026-02-23T21:17:09.169423 | ciclo=introspeccao | load=0.562 | damage=0.3083
2026-02-23T21:17:59.871992 | ciclo=chat | load=0.5806 | damage=0.0095
2026-02-23T21:19:18.733023 | ciclo=introspeccao | load=0.5907 | damage=0.2783
2026-02-23T21:19:23.254576 | ciclo=introspeccao | load=0.5769 | damage=0.301
2026-02-23T21:19:30.413197 | ciclo=introspeccao | load=0.5488 | damage=0.3092
2026-02-23T21:20:14.036316 | ciclo=chat | load=0.548 | damage=0.0099
2026-02-23T21:21:33.353021 | ciclo=introspeccao | load=0.5742 | damage=0.2809
2026-02-23T21:22:01.734131 | ciclo=introspeccao | load=0.5797 | damage=0.3092
2026-02-23T21:22:07.406178 | ciclo=introspeccao | load=0.5628 | damage=0.3027
2026-02-23T21:22:40.809958 | ciclo=chat | load=0.5631 | damage=0.0099
2026-02-23T21:23:47.179167 | ciclo=introspeccao | load=0.5618 | damage=0.2825
2026-02-23T21:24:13.268776 | ciclo=introspeccao | load=0.5637 | damage=0.3114
2026-02-23T21:24:53.220556 | ciclo=chat | load=0.5799 | damage=0.0099
2026-02-23T21:25:06.782216 | ciclo=introspeccao | load=0.548 | damage=0.303
2026-02-23T21:26:08.300274 | ciclo=introspeccao | load=0.5479 | damage=0.2828
2026-02-23T21:26:47.157635 | ciclo=chat | load=0.5581 | damage=0.0111
2026-02-23T21:26:55.719229 | ciclo=introspeccao | load=0.5456 | damage=0.3121
2026-02-23T21:27:46.962828 | ciclo=introspeccao | load=0.5782 | damage=0.303
2026-02-23T21:27:57.965639 | ciclo=introspeccao | load=0.5839 | damage=0.2828
2026-02-23T21:28:24.497142 | ciclo=introspeccao | load=0.5733 | damage=0.3121
2026-02-23T21:29:40.451979 | ciclo=introspeccao | load=0.5581 | damage=0.3043
2026-02-23T21:29:55.312361 | ciclo=introspeccao | load=0.5637 | damage=0.2845
2026-02-23T21:30:10.759440 | ciclo=introspeccao | load=0.5563 | damage=0.3137
2026-02-23T21:31:23.664435 | ciclo=introspeccao | load=0.5891 | damage=0.3043
2026-02-23T21:31:57.511764 | ciclo=introspeccao | load=0.5502 | damage=0.2851
2026-02-23T21:32:05.597706 | ciclo=introspeccao | load=0.5847 | damage=0.3137
2026-02-23T21:32:51.157321 | ciclo=introspeccao | load=0.5698 | damage=0.3065
2026-02-23T21:33:47.468562 | ciclo=introspeccao | load=0.5839 | damage=0.2851
2026-02-23T21:33:56.044357 | ciclo=introspeccao | load=0.5616 | damage=0.3158
2026-02-23T21:34:25.858579 | ciclo=introspeccao | load=0.5495 | damage=0.307
2026-02-23T21:35:46.622679 | ciclo=introspeccao | load=0.5587 | damage=0.2869
2026-02-23T21:36:03.713367 | ciclo=introspeccao | load=0.541 | damage=0.3161
2026-02-23T21:36:17.963147 | ciclo=introspeccao | load=0.581 | damage=0.307
2026-02-23T21:37:27.149512 | ciclo=introspeccao | load=0.5912 | damage=0.2869
2026-02-23T21:38:03.338837 | ciclo=introspeccao | load=0.571 | damage=0.3161
2026-02-23T21:38:11.664834 | ciclo=introspeccao | load=0.5602 | damage=0.3084
2026-02-23T21:38:57.181666 | ciclo=introspeccao | load=0.5743 | damage=0.2895
2026-02-23T21:39:55.725250 | ciclo=introspeccao | load=0.5483 | damage=0.317
2026-02-23T21:40:00.026877 | ciclo=introspeccao | load=0.5895 | damage=0.3084
2026-02-23T21:40:29.847805 | ciclo=introspeccao | load=0.5519 | damage=0.2902
2026-02-23T21:41:36.731216 | ciclo=introspeccao | load=0.5795 | damage=0.317
2026-02-23T21:41:59.333803 | ciclo=introspeccao | load=0.5722 | damage=0.3108
2026-02-23T21:42:16.734906 | ciclo=introspeccao | load=0.5754 | damage=0.2902
2026-02-23T21:43:00.795609 | ciclo=introspeccao | load=0.5565 | damage=0.3186
2026-02-23T21:43:39.017860 | ciclo=introspeccao | load=0.5531 | damage=0.3116
2026-02-23T21:43:54.530163 | ciclo=introspeccao | load=0.5577 | damage=0.2914
2026-02-23T21:44:32.655117 | ciclo=introspeccao | load=0.5812 | damage=0.3186
2026-02-23T21:45:05.182423 | ciclo=introspeccao | load=0.5826 | damage=0.3116
2026-02-23T21:45:28.717414 | ciclo=introspeccao | load=0.5455 | damage=0.2915
2026-02-23T21:45:58.215701 | ciclo=introspeccao | load=0.5549 | damage=0.32
2026-02-23T21:46:37.205405 | ciclo=introspeccao | load=0.5663 | damage=0.3136
2026-02-23T21:47:02.108206 | ciclo=introspeccao | load=0.5741 | damage=0.2915
2026-02-23T21:47:30.214754 | ciclo=introspeccao | load=0.5798 | damage=0.32
2026-02-23T21:48:23.215622 | ciclo=introspeccao | load=0.5492 | damage=0.314
2026-02-23T21:48:40.193146 | ciclo=introspeccao | load=0.5534 | damage=0.2923
2026-02-23T21:49:04.031270 | ciclo=introspeccao | load=0.5601 | damage=0.3219
2026-02-23T21:50:01.743288 | ciclo=introspeccao | load=0.5777 | damage=0.314
2026-02-23T21:50:28.558096 | ciclo=introspeccao | load=0.5844 | damage=0.2923
2026-02-23T21:50:42.748825 | ciclo=introspeccao | load=0.5831 | damage=0.3219
2026-02-23T21:51:39.276741 | ciclo=introspeccao | load=0.5581 | damage=0.3152
2026-02-23T21:52:23.086250 | ciclo=introspeccao | load=0.5635 | damage=0.294
2026-02-23T21:52:31.811820 | ciclo=introspeccao | load=0.5573 | damage=0.3236
2026-02-23T21:53:15.450299 | ciclo=introspeccao | load=0.5919 | damage=0.3152
2026-02-23T21:54:13.465211 | ciclo=introspeccao | load=0.5502 | damage=0.2946
2026-02-23T21:54:16.962968 | ciclo=introspeccao | load=0.5821 | damage=0.3236
2026-02-23T21:54:44.078909 | ciclo=introspeccao | load=0.5706 | damage=0.3176
2026-02-23T21:56:17.626283 | ciclo=introspeccao | load=0.5853 | damage=0.2946
2026-02-23T21:56:21.147825 | ciclo=introspeccao | load=0.561 | damage=0.3256
2026-02-23T21:56:34.159789 | ciclo=introspeccao | load=0.5536 | damage=0.3184
2026-02-23T21:57:55.351595 | ciclo=introspeccao | load=0.5644 | damage=0.2963
2026-02-23T21:58:14.393669 | ciclo=introspeccao | load=0.5402 | damage=0.3258
2026-02-23T21:58:24.268888 | ciclo=introspeccao | load=0.5829 | damage=0.3184
2026-02-23T21:59:18.789254 | ciclo=introspeccao | load=0.5452 | damage=0.2964
2026-02-23T22:00:06.725744 | ciclo=introspeccao | load=0.567 | damage=0.3258
2026-02-23T22:00:14.143246 | ciclo=introspeccao | load=0.5628 | damage=0.32
2026-02-23T22:01:05.125939 | ciclo=repouso | load=0.5322 | damage=0.2964
2026-02-23T22:02:04.307600 | ciclo=repouso | load=0.5601 | damage=0.3258
2026-02-23T22:02:11.947857 | ciclo=repouso | load=0.5487 | damage=0.32
2026-02-25T01:17:27.314596 | ciclo=repouso | load=0.5473 | damage=0.32
2026-02-25T01:22:08.054158 | ciclo=repouso | load=0.5469 | damage=0.32
2026-02-25T01:35:44.243080 | ciclo=chat | load=0.5745 | damage=0.32
2026-02-25T01:36:34.944608 | ciclo=repouso | load=0.5466 | damage=0.32
2026-02-25T01:37:28.940558 | ciclo=repouso | load=0.5317 | damage=0.32
2026-02-25T01:40:38.138353 | ciclo=repouso | load=0.5309 | damage=0.32
2026-02-25T01:46:50.945948 | ciclo=chat | load=0.8221 | damage=0.3442
2026-02-25T01:54:22.816937 | ciclo=repouso | load=0.5262 | damage=0.32
2026-02-25T01:57:09.910170 | ciclo=chat | load=0.7703 | damage=0.3639
2026-02-25T01:57:39.513351 | ciclo=repouso | load=0.5167 | damage=0.32
2026-02-25T01:59:06.907628 | ciclo=repouso | load=0.5095 | damage=0.32
2026-02-25T02:07:08.146983 | ciclo=repouso | load=0.5038 | damage=0.32
2026-02-25T02:10:58.081431 | ciclo=repouso | load=0.5031 | damage=0.32
2026-02-25T02:10:58.823746 | ciclo=repouso | load=0.4956 | damage=0.32
2026-02-25T02:21:08.296818 | ciclo=repouso | load=0.4906 | damage=0.32
2026-02-25T02:27:02.911605 | ciclo=repouso | load=0.4816 | damage=0.32
2026-02-25T02:27:37.801158 | ciclo=repouso | load=0.4908 | damage=0.32
2026-02-25T02:37:47.580340 | ciclo=repouso | load=0.4768 | damage=0.32
2026-02-25T02:38:45.539632 | ciclo=repouso | load=0.4886 | damage=0.32
2026-02-25T02:45:33.051289 | ciclo=chat | load=0.5251 | damage=0.32
2026-02-25T02:52:10.048989 | ciclo=repouso | load=0.4682 | damage=0.32
2026-02-25T02:53:04.947191 | ciclo=repouso | load=0.4777 | damage=0.32
2026-02-25T02:53:06.618165 | ciclo=repouso | load=0.4649 | damage=0.32
2026-02-25T03:02:10.562347 | ciclo=repouso | load=0.4543 | damage=0.32
2026-02-25T03:03:05.464967 | ciclo=repouso | load=0.4646 | damage=0.32
2026-02-25T03:03:07.201962 | ciclo=repouso | load=0.4521 | damage=0.32
2026-02-25T17:25:58.220317 | ciclo=vigilia | load=0.4885 | damage=0.32
2026-02-25T17:26:45.098328 | ciclo=vigilia | load=0.5128 | damage=0.32
2026-02-25T17:27:11.105718 | ciclo=chat | load=0.5128 | damage=0.32
2026-02-25T17:28:24.588844 | ciclo=vigilia | load=0.542 | damage=0.32
2026-02-25T17:30:16.642979 | ciclo=vigilia | load=0.5814 | damage=0.32
2026-02-25T17:30:59.161468 | ciclo=chat | load=0.5814 | damage=0.32
2026-02-25T17:32:14.930463 | ciclo=vigilia | load=0.5814 | damage=0.3225
2026-02-25T17:34:08.845350 | ciclo=vigilia | load=0.5814 | damage=0.325
2026-02-25T17:35:42.500529 | ciclo=vigilia | load=0.5814 | damage=0.3281
2026-02-25T17:36:28.273626 | ciclo=chat | load=0.5814 | damage=0.3281
2026-02-25T17:37:39.844701 | ciclo=vigilia | load=0.5814 | damage=0.3305
2026-02-25T17:39:20.053345 | ciclo=vigilia | load=0.5814 | damage=0.3319
2026-02-25T17:40:24.795836 | ciclo=chat | load=0.5814 | damage=0.3331
2026-02-25T17:40:53.552260 | ciclo=vigilia | load=0.5814 | damage=0.3331
2026-02-25T17:42:28.226608 | ciclo=vigilia | load=0.5814 | damage=0.3344
2026-02-25T17:43:59.727260 | ciclo=chat | load=0.5814 | damage=0.3359
2026-02-25T17:44:16.013349 | ciclo=vigilia | load=0.5814 | damage=0.3359
2026-02-25T17:45:56.126474 | ciclo=vigilia | load=0.5814 | damage=0.3372
2026-02-25T17:47:07.284950 | ciclo=chat | load=0.5814 | damage=0.3372
2026-02-25T17:48:16.743126 | ciclo=vigilia | load=0.5814 | damage=0.3383
2026-02-25T17:49:05.299418 | ciclo=vigilia | load=0.5814 | damage=0.3395
2026-02-25T17:49:53.980187 | ciclo=vigilia | load=0.5814 | damage=0.3408
2026-02-25T17:50:38.720513 | ciclo=vigilia | load=0.5814 | damage=0.3419
2026-02-25T17:51:56.727625 | ciclo=chat | load=0.5814 | damage=0.3433
2026-02-25T17:52:06.233955 | ciclo=vigilia | load=0.5814 | damage=0.3433
2026-02-25T17:52:50.381052 | ciclo=vigilia | load=0.5814 | damage=0.3447
2026-02-25T17:53:40.197445 | ciclo=vigilia | load=0.5814 | damage=0.3459
2026-02-25T17:54:27.155279 | ciclo=vigilia | load=0.5814 | damage=0.3471
2026-02-25T17:55:14.027615 | ciclo=vigilia | load=0.5814 | damage=0.3481
2026-02-25T17:56:03.282561 | ciclo=vigilia | load=0.5814 | damage=0.3497
2026-02-25T17:57:38.726602 | ciclo=vigilia | load=0.5814 | damage=0.3509
2026-02-25T17:59:10.696005 | ciclo=vigilia | load=0.5814 | damage=0.3521
2026-02-25T17:59:56.654350 | ciclo=vigilia | load=0.5814 | damage=0.3533
2026-02-25T18:00:45.441104 | ciclo=introspeccao | load=0.5814 | damage=0.3548
2026-02-25T18:02:03.177515 | ciclo=introspeccao | load=0.5814 | damage=0.356
2026-02-25T18:03:27.069816 | ciclo=introspeccao | load=0.5814 | damage=0.3576
2026-02-25T18:04:47.596703 | ciclo=introspeccao | load=0.5814 | damage=0.3591
2026-02-25T18:06:11.790791 | ciclo=introspeccao | load=0.5814 | damage=0.3609
2026-02-25T18:07:30.486203 | ciclo=introspeccao | load=0.5814 | damage=0.3627
2026-02-25T18:08:52.553909 | ciclo=introspeccao | load=0.5814 | damage=0.3641
2026-02-25T18:10:14.395291 | ciclo=introspeccao | load=0.5814 | damage=0.3654
2026-02-25T18:11:30.585804 | ciclo=introspeccao | load=0.5814 | damage=0.3668
2026-02-25T18:12:51.971222 | ciclo=introspeccao | load=0.5814 | damage=0.3685
2026-02-25T18:14:10.816185 | ciclo=introspeccao | load=0.5814 | damage=0.3704
2026-02-25T18:15:37.156319 | ciclo=introspeccao | load=0.5814 | damage=0.3723
2026-02-25T18:16:59.187883 | ciclo=introspeccao | load=0.5814 | damage=0.3736
2026-02-25T18:18:19.106839 | ciclo=introspeccao | load=0.5814 | damage=0.3752
2026-02-25T18:19:39.711224 | ciclo=chat | load=0.5814 | damage=0.3752
2026-02-25T18:20:00.425677 | ciclo=introspeccao | load=0.5814 | damage=0.3766
2026-02-25T18:21:19.657165 | ciclo=introspeccao | load=0.5814 | damage=0.3781
2026-02-25T18:22:11.568106 | ciclo=chat | load=0.5814 | damage=0.3781
2026-02-25T18:22:41.190309 | ciclo=introspeccao | load=0.5814 | damage=0.3795
2026-02-25T18:24:03.725577 | ciclo=chat | load=0.5814 | damage=0.3795
2026-02-25T18:24:28.674221 | ciclo=introspeccao | load=0.5814 | damage=0.381
2026-02-25T18:25:50.331349 | ciclo=introspeccao | load=0.5814 | damage=0.3824
2026-02-25T18:27:12.103154 | ciclo=introspeccao | load=0.5814 | damage=0.3839
2026-02-25T18:28:28.921672 | ciclo=introspeccao | load=0.5814 | damage=0.3853
2026-02-25T18:29:51.327801 | ciclo=introspeccao | load=0.5814 | damage=0.3867
2026-02-25T18:31:15.494083 | ciclo=introspeccao | load=0.5814 | damage=0.3883
2026-02-25T18:32:37.972616 | ciclo=introspeccao | load=0.5814 | damage=0.3901
2026-02-25T18:33:59.219003 | ciclo=introspeccao | load=0.5814 | damage=0.3918
2026-02-25T18:35:23.386426 | ciclo=introspeccao | load=0.5814 | damage=0.3932
2026-02-25T18:36:45.349134 | ciclo=introspeccao | load=0.5814 | damage=0.3948
2026-02-25T18:38:07.464762 | ciclo=introspeccao | load=0.5814 | damage=0.3964
2026-02-25T18:39:24.849663 | ciclo=introspeccao | load=0.5814 | damage=0.398
2026-02-25T18:40:47.643827 | ciclo=introspeccao | load=0.5814 | damage=0.3996
2026-02-25T18:42:06.936671 | ciclo=introspeccao | load=0.5814 | damage=0.4011
2026-02-25T18:43:23.890007 | ciclo=introspeccao | load=0.5814 | damage=0.4024
2026-02-25T18:44:45.121073 | ciclo=introspeccao | load=0.5814 | damage=0.4037
2026-02-25T18:46:09.448019 | ciclo=introspeccao | load=0.5814 | damage=0.4054
2026-02-25T18:47:29.488097 | ciclo=introspeccao | load=0.5814 | damage=0.4073
2026-02-25T18:48:48.997777 | ciclo=introspeccao | load=0.5814 | damage=0.4092
2026-02-25T18:50:12.311557 | ciclo=introspeccao | load=0.5814 | damage=0.4108
2026-02-25T18:51:34.825136 | ciclo=introspeccao | load=0.5814 | damage=0.4126
2026-02-25T18:52:58.154940 | ciclo=introspeccao | load=0.5814 | damage=0.4141
2026-02-25T18:54:19.954806 | ciclo=introspeccao | load=0.5814 | damage=0.4154
2026-02-25T18:55:40.610001 | ciclo=introspeccao | load=0.5814 | damage=0.4168
2026-02-25T18:57:02.809736 | ciclo=introspeccao | load=0.5814 | damage=0.4184
2026-02-25T18:58:24.968424 | ciclo=introspeccao | load=0.5814 | damage=0.4198
2026-02-25T18:59:44.853024 | ciclo=introspeccao | load=0.5814 | damage=0.4215
2026-02-25T19:01:04.688853 | ciclo=introspeccao | load=0.5814 | damage=0.4231
2026-02-25T19:02:22.301462 | ciclo=introspeccao | load=0.5814 | damage=0.425
2026-02-25T19:03:42.377118 | ciclo=introspeccao | load=0.5814 | damage=0.4274
2026-02-25T19:05:01.905185 | ciclo=introspeccao | load=0.5814 | damage=0.429
2026-02-25T19:06:17.601972 | ciclo=introspeccao | load=0.5814 | damage=0.4304
2026-02-25T19:07:38.201689 | ciclo=introspeccao | load=0.5814 | damage=0.4318
2026-02-25T19:08:58.668798 | ciclo=introspeccao | load=0.5814 | damage=0.4335
2026-02-25T19:10:15.136069 | ciclo=introspeccao | load=0.5814 | damage=0.4353
2026-02-27T02:32:43.525083 | ciclo=repouso | load=0.5667 | damage=0.4353
2026-02-27T02:36:06.706285 | ciclo=repouso | load=0.5667 | damage=0.4354
2026-02-27T02:36:16.022167 | ciclo=repouso | load=0.5667 | damage=0.4354
2026-02-27T02:39:12.229559 | ciclo=repouso | load=0.5667 | damage=0.4355
2026-02-27T02:41:18.374460 | ciclo=chat | load=0.5867 | damage=0.4357
2026-02-27T02:43:20.087344 | ciclo=chat | load=0.5867 | damage=0.4375
2026-02-27T02:46:57.060920 | ciclo=repouso | load=0.5667 | damage=0.4375
2026-02-27T02:47:08.793704 | ciclo=repouso | load=0.5667 | damage=0.4375
2026-02-27T02:48:03.199112 | ciclo=chat | load=0.5867 | damage=0.4384
2026-02-27T02:49:45.969644 | ciclo=repouso | load=0.5667 | damage=0.4384
2026-02-27T02:51:17.265949 | ciclo=chat | load=0.8352 | damage=0.4638
2026-02-27T02:55:16.234475 | ciclo=chat | load=0.8352 | damage=0.4855
2026-02-27T02:57:19.258729 | ciclo=repouso | load=0.8152 | damage=0.5044
2026-02-27T02:57:39.767070 | ciclo=repouso | load=0.8152 | damage=0.5234
2026-02-27T02:58:38.665501 | ciclo=chat | load=0.8352 | damage=0.5234
2026-02-27T03:00:05.969863 | ciclo=repouso | load=0.8152 | damage=0.5424
2026-02-27T03:07:08.877689 | ciclo=chat | load=0.8352 | damage=0.5626
2026-02-27T03:07:12.002592 | ciclo=repouso | load=0.8152 | damage=0.5624
2026-02-27T03:09:48.527679 | ciclo=chat | load=0.8352 | damage=0.6015
2026-02-27T03:11:26.183079 | ciclo=chat | load=0.8352 | damage=0.6228
2026-02-27T03:13:13.046612 | ciclo=chat | load=0.8352 | damage=0.6629
2026-02-27T03:15:02.338997 | ciclo=chat | load=0.8352 | damage=0.6845
2026-02-27T03:17:34.659243 | ciclo=repouso | load=0.8152 | damage=0.7035
2026-02-27T03:20:40.257794 | ciclo=repouso | load=0.8152 | damage=0.7233
2026-02-27T03:20:53.493051 | ciclo=chat | load=0.8352 | damage=0.7434
2026-02-27T03:21:50.889037 | ciclo=chat | load=0.8352 | damage=0.7631
2026-02-27T03:22:42.062223 | ciclo=chat | load=0.8352 | damage=0.7836
2026-02-27T03:23:45.977168 | ciclo=chat | load=0.8352 | damage=0.8042
2026-02-27T03:25:11.596774 | ciclo=chat | load=0.8352 | damage=0.825
2026-02-27T03:26:44.309306 | ciclo=chat | load=0.8352 | damage=0.8457
2026-02-27T03:27:38.556195 | ciclo=chat | load=0.8352 | damage=0.8668
2026-02-27T03:29:10.588233 | ciclo=chat | load=0.8352 | damage=0.9061
2026-02-27T03:31:11.430282 | ciclo=repouso | load=0.8152 | damage=0.9061
2026-02-27T03:31:24.986670 | ciclo=chat | load=0.8352 | damage=0.9272
2026-02-27T03:32:36.926881 | ciclo=chat | load=0.8352 | damage=0.9479
2026-02-27T03:34:25.604931 | ciclo=chat | load=0.8352 | damage=0.968
2026-02-27T03:35:16.748845 | ciclo=chat | load=0.8352 | damage=0.9882
2026-02-27T03:36:22.160597 | ciclo=chat | load=0.8352 | damage=1.0
2026-02-27T03:37:27.772826 | ciclo=chat | load=0.8352 | damage=1.0
2026-02-27T03:38:21.794733 | ciclo=chat | load=0.8352 | damage=1.0
2026-02-27T03:39:03.297084 | ciclo=chat | load=0.8352 | damage=1.0
2026-02-27T03:40:02.443730 | ciclo=chat | load=0.8352 | damage=1.0
2026-02-27T03:41:41.983006 | ciclo=repouso | load=0.8152 | damage=1.0
2026-02-27T03:41:51.366938 | ciclo=chat | load=0.8352 | damage=1.0
2026-02-27T03:43:12.949661 | ciclo=chat | load=0.8352 | damage=1.0
2026-02-27T03:43:57.062992 | ciclo=chat | load=0.8352 | damage=1.0
2026-02-27T17:20:05.328806 | ciclo=chat | load=0.8352 | damage=1.0
2026-02-27T17:20:14.304947 | ciclo=vigilia | load=0.8352 | damage=1.0
2026-02-27T17:21:25.328243 | ciclo=vigilia | load=0.8352 | damage=1.0
2026-02-27T17:22:21.719801 | ciclo=vigilia | load=0.8352 | damage=1.0
2026-02-27T17:25:08.834208 | ciclo=vigilia | load=0.8352 | damage=1.0
2026-02-27T17:26:04.074244 | ciclo=vigilia | load=0.8352 | damage=1.0
2026-02-27T17:26:58.538100 | ciclo=vigilia | load=0.8352 | damage=1.0
2026-02-27T17:27:57.680225 | ciclo=vigilia | load=0.8352 | damage=1.0
2026-02-27T17:28:47.964426 | ciclo=vigilia | load=0.8352 | damage=1.0
2026-02-27T17:29:40.260281 | ciclo=vigilia | load=0.8352 | damage=1.0
2026-02-27T17:30:36.278308 | ciclo=vigilia | load=0.8352 | damage=1.0
2026-02-27T17:31:27.855980 | ciclo=vigilia | load=0.8352 | damage=1.0
2026-02-27T17:32:17.522538 | ciclo=vigilia | load=0.8352 | damage=1.0
2026-02-27T17:33:16.575898 | ciclo=vigilia | load=0.8352 | damage=1.0
2026-02-27T17:34:11.556755 | ciclo=vigilia | load=0.8352 | damage=1.0
2026-02-27T17:35:01.644870 | ciclo=vigilia | load=0.8352 | damage=1.0
2026-02-27T17:35:51.015290 | ciclo=vigilia | load=0.8352 | damage=1.0
2026-02-27T17:36:50.018001 | ciclo=vigilia | load=0.8352 | damage=1.0
2026-02-27T18:09:37.103299 | ciclo=introspeccao | load=0.8352 | damage=1.0
2026-02-27T18:10:09.242853 | ciclo=chat | load=0.8352 | damage=1.0
2026-02-27T18:11:10.757594 | ciclo=introspeccao | load=0.8352 | damage=1.0
2026-02-27T18:12:48.663591 | ciclo=introspeccao | load=0.8352 | damage=1.0
2026-02-27T18:14:18.840522 | ciclo=introspeccao | load=0.8352 | damage=1.0
2026-02-27T18:14:47.556086 | ciclo=chat | load=0.8352 | damage=1.0
2026-02-27T18:15:48.698229 | ciclo=introspeccao | load=0.8352 | damage=1.0
2026-02-27T18:17:21.104778 | ciclo=introspeccao | load=0.8352 | damage=1.0
2026-02-27T18:18:51.415021 | ciclo=introspeccao | load=0.8352 | damage=1.0
2026-02-27T18:23:57.601633 | ciclo=introspeccao | load=0.8352 | damage=1.0
2026-02-27T18:24:26.879732 | ciclo=chat | load=0.8352 | damage=1.0
2026-02-27T18:25:42.324336 | ciclo=introspeccao | load=0.8352 | damage=1.0
2026-02-27T18:25:52.203499 | ciclo=chat | load=0.8352 | damage=1.0
2026-02-27T18:26:51.922232 | ciclo=chat | load=0.8352 | damage=1.0
2026-02-27T18:27:29.322155 | ciclo=introspeccao | load=0.8352 | damage=1.0
2026-02-27T18:28:42.374308 | ciclo=chat | load=0.8352 | damage=1.0
2026-02-27T18:29:24.039477 | ciclo=introspeccao | load=0.8352 | damage=1.0
2026-02-27T18:31:07.288546 | ciclo=chat | load=0.8352 | damage=1.0
2026-02-27T18:31:22.879984 | ciclo=introspeccao | load=0.8352 | damage=1.0
2026-02-27T18:32:17.457590 | ciclo=chat | load=0.8352 | damage=1.0
2026-02-27T18:33:09.961096 | ciclo=introspeccao | load=0.8352 | damage=1.0
2026-02-27T18:33:19.856101 | ciclo=chat | load=0.8352 | damage=1.0
2026-02-27T18:34:45.097066 | ciclo=introspeccao | load=0.8352 | damage=1.0
2026-02-27T18:36:16.556330 | ciclo=introspeccao | load=0.8352 | damage=1.0
2026-02-27T18:37:51.041122 | ciclo=introspeccao | load=0.8352 | damage=1.0
2026-02-27T18:39:20.743813 | ciclo=introspeccao | load=0.8352 | damage=1.0
2026-02-27T18:40:52.974458 | ciclo=introspeccao | load=0.8352 | damage=1.0
2026-02-27T18:42:21.265462 | ciclo=introspeccao | load=0.8352 | damage=1.0
2026-02-27T18:43:50.438190 | ciclo=introspeccao | load=0.8352 | damage=1.0
2026-02-27T18:45:20.219590 | ciclo=introspeccao | load=0.8352 | damage=1.0
2026-02-27T18:46:54.121882 | ciclo=introspeccao | load=0.8352 | damage=1.0
2026-02-27T18:48:19.332891 | ciclo=introspeccao | load=0.8352 | damage=1.0
2026-02-27T18:49:51.987052 | ciclo=introspeccao | load=0.8352 | damage=1.0
2026-02-27T18:51:17.642300 | ciclo=introspeccao | load=0.8352 | damage=1.0
2026-02-27T18:52:48.284101 | ciclo=introspeccao | load=0.8352 | damage=1.0
2026-02-27T18:54:21.437080 | ciclo=introspeccao | load=0.8352 | damage=1.0
2026-02-27T18:55:52.896140 | ciclo=introspeccao | load=0.8352 | damage=1.0
2026-02-27T18:57:24.167543 | ciclo=introspeccao | load=0.8352 | damage=1.0
2026-02-27T18:58:55.125602 | ciclo=introspeccao | load=0.8352 | damage=1.0
2026-02-27T19:00:30.764698 | ciclo=introspeccao | load=0.8352 | damage=1.0
2026-02-27T19:02:04.565127 | ciclo=introspeccao | load=0.8352 | damage=1.0
2026-02-27T19:03:41.636920 | ciclo=introspeccao | load=0.8352 | damage=1.0
2026-02-27T19:05:15.849765 | ciclo=introspeccao | load=0.8352 | damage=1.0
2026-02-27T19:06:42.844973 | ciclo=introspeccao | load=0.8352 | damage=1.0
2026-02-27T19:08:11.135647 | ciclo=introspeccao | load=0.8352 | damage=1.0
2026-02-27T19:09:40.635372 | ciclo=introspeccao | load=0.8352 | damage=1.0
2026-02-27T19:11:05.839452 | ciclo=introspeccao | load=0.8352 | damage=1.0
2026-02-27T19:12:37.450883 | ciclo=introspeccao | load=0.8352 | damage=1.0
2026-02-27T19:14:08.580446 | ciclo=introspeccao | load=0.8352 | damage=1.0
2026-02-27T19:15:44.242284 | ciclo=introspeccao | load=0.8352 | damage=1.0
2026-02-27T19:17:18.467241 | ciclo=introspeccao | load=0.8352 | damage=1.0
2026-02-27T19:18:44.921735 | ciclo=introspeccao | load=0.8352 | damage=1.0
2026-02-27T19:20:21.022746 | ciclo=introspeccao | load=0.8352 | damage=1.0
2026-02-27T19:21:49.780390 | ciclo=introspeccao | load=0.8352 | damage=1.0
2026-02-27T19:23:21.843032 | ciclo=introspeccao | load=0.8352 | damage=1.0
2026-02-27T19:24:58.474339 | ciclo=introspeccao | load=0.8352 | damage=1.0
2026-02-27T19:26:23.565215 | ciclo=introspeccao | load=0.8352 | damage=1.0
2026-02-27T19:27:53.694901 | ciclo=introspeccao | load=0.8352 | damage=1.0
2026-02-27T19:29:22.183173 | ciclo=introspeccao | load=0.8352 | damage=1.0
2026-02-27T19:30:53.663396 | ciclo=introspeccao | load=0.8352 | damage=1.0
2026-02-27T19:32:22.086810 | ciclo=introspeccao | load=0.8352 | damage=1.0
2026-02-27T19:33:57.566140 | ciclo=introspeccao | load=0.8352 | damage=1.0
2026-02-27T19:35:26.941358 | ciclo=introspeccao | load=0.8352 | damage=1.0
2026-02-27T19:37:00.372644 | ciclo=introspeccao | load=0.8352 | damage=1.0
2026-02-27T19:38:33.266531 | ciclo=introspeccao | load=0.8352 | damage=1.0
2026-02-27T19:40:02.389838 | ciclo=introspeccao | load=0.8352 | damage=1.0
2026-03-01T16:05:53.247200 | ciclo=vigilia | load=0.8352 | damage=1.0
2026-03-01T16:07:06.519628 | ciclo=chat | load=0.8352 | damage=1.0
2026-03-01T16:08:28.168581 | ciclo=chat | load=0.8352 | damage=1.0
2026-03-01T16:08:49.267825 | ciclo=vigilia | load=0.8352 | damage=1.0
2026-03-01T16:11:32.857669 | ciclo=vigilia | load=0.8352 | damage=1.0
2026-03-01T16:12:31.424631 | ciclo=vigilia | load=0.8352 | damage=1.0
2026-03-01T16:13:39.087516 | ciclo=vigilia | load=0.8352 | damage=1.0
2026-03-01T16:14:37.927917 | ciclo=vigilia | load=0.8352 | damage=1.0
2026-03-01T16:15:31.194107 | ciclo=vigilia | load=0.8352 | damage=1.0
2026-03-01T16:16:30.630271 | ciclo=vigilia | load=0.8352 | damage=1.0
2026-03-01T16:17:18.461281 | ciclo=vigilia | load=0.8352 | damage=1.0
2026-03-01T16:18:09.530602 | ciclo=vigilia | load=0.8352 | damage=1.0
2026-03-01T16:19:00.327689 | ciclo=vigilia | load=0.8352 | damage=1.0
2026-03-01T16:19:58.845509 | ciclo=vigilia | load=0.8352 | damage=1.0
2026-03-01T16:21:06.071681 | ciclo=vigilia | load=0.8352 | damage=1.0
2026-03-01T16:21:59.635681 | ciclo=vigilia | load=0.8352 | damage=1.0
2026-03-01T16:22:47.356524 | ciclo=vigilia | load=0.8352 | damage=1.0
2026-03-01T16:23:41.403792 | ciclo=vigilia | load=0.8352 | damage=1.0
2026-03-01T16:24:27.594523 | ciclo=vigilia | load=0.8352 | damage=1.0
2026-03-01T16:25:18.773591 | ciclo=vigilia | load=0.8352 | damage=1.0
2026-03-01T16:26:06.557240 | ciclo=vigilia | load=0.8352 | damage=1.0
2026-03-01T16:26:55.942914 | ciclo=vigilia | load=0.8352 | damage=1.0
2026-03-01T16:27:43.533892 | ciclo=vigilia | load=0.8352 | damage=1.0
2026-03-01T16:28:35.584975 | ciclo=vigilia | load=0.8352 | damage=1.0
2026-03-01T16:29:26.224105 | ciclo=vigilia | load=0.8352 | damage=1.0
2026-03-01T16:30:19.858820 | ciclo=vigilia | load=0.8352 | damage=1.0
2026-03-01T16:31:14.998543 | ciclo=vigilia | load=0.8352 | damage=1.0
2026-03-01T16:32:06.233373 | ciclo=vigilia | load=0.8352 | damage=1.0
2026-03-01T16:32:56.549308 | ciclo=vigilia | load=0.8352 | damage=1.0
2026-03-01T16:33:43.604300 | ciclo=vigilia | load=0.8352 | damage=1.0
2026-03-01T16:34:36.881797 | ciclo=vigilia | load=0.8352 | damage=1.0
2026-03-01T16:35:28.728252 | ciclo=vigilia | load=0.8352 | damage=1.0
2026-03-01T16:36:20.695686 | ciclo=vigilia | load=0.8352 | damage=1.0
2026-03-01T16:37:10.145637 | ciclo=vigilia | load=0.8352 | damage=1.0
2026-03-01T16:37:58.436060 | ciclo=vigilia | load=0.8352 | damage=1.0
2026-03-01T16:38:46.790226 | ciclo=vigilia | load=0.8352 | damage=1.0
2026-03-01T16:39:32.489333 | ciclo=vigilia | load=0.8352 | damage=1.0
2026-03-01T16:40:21.431462 | ciclo=vigilia | load=0.8352 | damage=1.0
2026-03-01T16:41:10.258528 | ciclo=vigilia | load=0.8352 | damage=1.0
2026-03-01T16:42:00.981197 | ciclo=vigilia | load=0.8352 | damage=1.0
2026-03-01T16:42:53.762648 | ciclo=vigilia | load=0.8352 | damage=1.0
2026-03-01T16:43:41.384825 | ciclo=vigilia | load=0.8352 | damage=1.0
2026-03-01T16:44:29.059001 | ciclo=vigilia | load=0.8352 | damage=1.0
2026-03-01T16:45:20.559091 | ciclo=vigilia | load=0.8352 | damage=1.0
2026-03-01T16:46:07.662082 | ciclo=vigilia | load=0.8352 | damage=1.0
2026-03-01T16:46:53.777095 | ciclo=vigilia | load=0.8352 | damage=1.0
2026-03-01T16:47:44.045533 | ciclo=vigilia | load=0.8352 | damage=1.0
2026-03-01T16:48:38.748177 | ciclo=vigilia | load=0.8352 | damage=1.0
2026-03-01T16:49:25.836624 | ciclo=vigilia | load=0.8352 | damage=1.0
2026-03-01T16:50:15.023561 | ciclo=vigilia | load=0.8352 | damage=1.0
2026-03-01T16:51:10.308150 | ciclo=vigilia | load=0.8352 | damage=1.0
2026-03-01T16:51:57.012794 | ciclo=vigilia | load=0.8352 | damage=1.0
2026-03-01T16:52:48.261434 | ciclo=vigilia | load=0.8352 | damage=1.0
2026-03-01T16:53:35.904438 | ciclo=vigilia | load=0.8352 | damage=1.0
2026-03-01T16:54:29.193592 | ciclo=vigilia | load=0.8352 | damage=1.0
2026-03-01T16:55:20.608108 | ciclo=vigilia | load=0.8352 | damage=1.0
2026-03-01T16:56:10.626930 | ciclo=vigilia | load=0.8352 | damage=1.0
2026-03-01T16:56:57.632353 | ciclo=vigilia | load=0.8352 | damage=1.0
2026-03-01T16:57:48.989966 | ciclo=vigilia | load=0.8352 | damage=1.0
2026-03-01T16:58:40.836796 | ciclo=vigilia | load=0.8352 | damage=1.0
2026-03-01T16:59:32.730533 | ciclo=vigilia | load=0.8352 | damage=1.0
2026-03-01T17:00:24.267703 | ciclo=vigilia | load=0.8352 | damage=1.0
2026-03-01T17:01:12.233829 | ciclo=vigilia | load=0.8352 | damage=1.0
2026-03-01T17:01:59.698881 | ciclo=vigilia | load=0.8352 | damage=1.0
2026-03-01T17:02:47.289655 | ciclo=vigilia | load=0.8352 | damage=1.0
2026-03-01T17:03:37.335639 | ciclo=vigilia | load=0.8352 | damage=1.0
2026-03-01T17:04:27.091296 | ciclo=vigilia | load=0.8352 | damage=1.0
2026-03-01T17:05:20.123057 | ciclo=vigilia | load=0.8352 | damage=1.0
2026-03-01T17:06:08.977025 | ciclo=vigilia | load=0.8352 | damage=1.0
2026-03-01T17:07:03.702448 | ciclo=vigilia | load=0.8352 | damage=1.0
2026-03-01T17:07:51.190015 | ciclo=vigilia | load=0.8352 | damage=1.0
2026-03-01T17:08:36.642268 | ciclo=vigilia | load=0.8352 | damage=1.0
2026-03-01T17:09:24.427900 | ciclo=vigilia | load=0.8352 | damage=1.0
2026-03-01T17:10:12.176515 | ciclo=vigilia | load=0.8352 | damage=1.0
2026-03-01T17:11:03.548348 | ciclo=vigilia | load=0.8352 | damage=1.0
2026-03-01T17:11:52.356794 | ciclo=vigilia | load=0.8352 | damage=1.0
2026-03-01T17:12:41.187756 | ciclo=vigilia | load=0.8352 | damage=1.0
2026-03-01T17:13:30.044651 | ciclo=vigilia | load=0.8352 | damage=1.0
2026-03-01T17:14:20.167895 | ciclo=vigilia | load=0.8352 | damage=1.0
2026-03-01T17:15:11.049631 | ciclo=vigilia | load=0.8352 | damage=1.0
2026-03-01T17:16:27.977195 | ciclo=vigilia | load=0.8352 | damage=1.0
2026-03-01T17:17:12.071374 | ciclo=vigilia | load=0.8352 | damage=1.0
2026-03-01T17:18:10.298888 | ciclo=vigilia | load=0.8352 | damage=1.0
2026-03-01T17:19:01.262111 | ciclo=vigilia | load=0.8352 | damage=1.0
2026-03-01T17:19:55.865994 | ciclo=vigilia | load=0.8352 | damage=1.0
2026-03-01T17:20:47.995799 | ciclo=vigilia | load=0.8352 | damage=1.0
2026-03-01T17:21:42.632219 | ciclo=vigilia | load=0.8352 | damage=1.0
2026-03-01T17:22:37.831051 | ciclo=vigilia | load=0.8352 | damage=1.0
2026-03-01T17:23:28.778311 | ciclo=vigilia | load=0.8352 | damage=1.0
2026-03-01T17:24:22.406609 | ciclo=vigilia | load=0.8352 | damage=1.0
2026-03-01T17:25:16.587010 | ciclo=vigilia | load=0.8352 | damage=1.0
2026-03-01T17:26:08.559832 | ciclo=vigilia | load=0.8352 | damage=1.0
2026-03-01T17:27:03.755510 | ciclo=vigilia | load=0.8352 | damage=1.0
2026-03-01T17:27:54.040245 | ciclo=vigilia | load=0.8352 | damage=1.0
2026-03-01T17:28:46.236539 | ciclo=vigilia | load=0.8352 | damage=1.0
2026-03-01T17:29:36.970047 | ciclo=vigilia | load=0.8352 | damage=1.0
2026-03-01T17:30:28.426538 | ciclo=vigilia | load=0.8352 | damage=1.0
2026-03-01T17:31:22.099152 | ciclo=vigilia | load=0.8352 | damage=1.0
2026-03-01T17:32:14.766641 | ciclo=vigilia | load=0.8352 | damage=1.0
2026-03-01T17:33:06.726820 | ciclo=vigilia | load=0.8352 | damage=1.0
2026-03-01T17:33:58.720284 | ciclo=vigilia | load=0.8352 | damage=1.0
2026-03-01T17:34:50.723736 | ciclo=vigilia | load=0.8352 | damage=1.0
2026-03-01T17:35:44.461094 | ciclo=vigilia | load=0.8352 | damage=1.0
2026-03-01T17:36:54.271647 | ciclo=vigilia | load=0.8352 | damage=1.0
2026-03-01T17:37:54.121311 | ciclo=vigilia | load=0.8352 | damage=1.0
2026-03-01T17:38:43.478139 | ciclo=vigilia | load=0.8352 | damage=1.0
2026-03-01T17:39:37.512504 | ciclo=vigilia | load=0.8352 | damage=1.0
2026-03-01T17:40:24.518590 | ciclo=vigilia | load=0.8352 | damage=1.0
2026-03-01T17:41:15.185690 | ciclo=vigilia | load=0.8352 | damage=1.0
2026-03-01T17:42:01.759353 | ciclo=vigilia | load=0.8352 | damage=1.0
2026-03-01T17:42:53.137984 | ciclo=vigilia | load=0.8352 | damage=1.0
2026-03-01T17:43:43.606317 | ciclo=vigilia | load=0.8352 | damage=1.0
2026-03-01T17:44:37.659223 | ciclo=vigilia | load=0.8352 | damage=1.0
2026-03-01T17:45:28.033698 | ciclo=vigilia | load=0.8352 | damage=1.0
2026-03-01T17:46:22.786777 | ciclo=vigilia | load=0.8352 | damage=1.0
2026-03-01T17:47:17.102403 | ciclo=vigilia | load=0.8352 | damage=1.0
2026-03-01T17:48:05.147523 | ciclo=vigilia | load=0.8352 | damage=1.0
2026-03-01T17:48:51.831499 | ciclo=vigilia | load=0.8352 | damage=1.0
2026-03-01T17:49:42.680058 | ciclo=vigilia | load=0.8352 | damage=1.0
2026-03-01T17:50:35.012675 | ciclo=vigilia | load=0.8352 | damage=1.0
2026-03-01T17:51:26.071063 | ciclo=vigilia | load=0.8352 | damage=1.0
2026-03-01T17:52:16.223036 | ciclo=vigilia | load=0.8352 | damage=1.0
2026-03-01T17:53:08.571803 | ciclo=vigilia | load=0.8352 | damage=1.0
2026-03-01T17:53:57.109562 | ciclo=vigilia | load=0.8352 | damage=1.0
2026-03-01T17:54:52.227326 | ciclo=vigilia | load=0.8352 | damage=1.0
2026-03-01T17:55:41.819883 | ciclo=vigilia | load=0.8352 | damage=1.0
2026-03-01T17:56:31.843060 | ciclo=vigilia | load=0.8352 | damage=1.0
2026-03-01T17:57:23.546322 | ciclo=vigilia | load=0.8352 | damage=1.0
2026-03-01T17:58:15.893141 | ciclo=vigilia | load=0.8352 | damage=1.0
2026-03-01T17:59:05.368985 | ciclo=vigilia | load=0.8352 | damage=1.0
2026-03-01T17:59:57.572241 | ciclo=vigilia | load=0.8352 | damage=1.0
2026-03-01T18:00:52.509502 | ciclo=introspeccao | load=0.8352 | damage=1.0
2026-03-01T18:02:20.310151 | ciclo=introspeccao | load=0.8352 | damage=1.0
2026-03-01T18:03:26.807717 | ciclo=chat | load=0.8352 | damage=1.0
2026-03-01T18:04:02.356494 | ciclo=introspeccao | load=0.8352 | damage=1.0
2026-03-01T18:05:25.983950 | ciclo=introspeccao | load=0.8352 | damage=1.0
2026-03-01T18:06:55.730109 | ciclo=introspeccao | load=0.8352 | damage=1.0
2026-03-01T18:08:24.598351 | ciclo=introspeccao | load=0.8352 | damage=1.0
2026-03-01T18:09:55.285764 | ciclo=introspeccao | load=0.8352 | damage=1.0
2026-03-01T18:11:19.742403 | ciclo=introspeccao | load=0.8352 | damage=1.0
2026-03-01T18:12:51.078618 | ciclo=introspeccao | load=0.8352 | damage=1.0
2026-03-01T18:14:12.805065 | ciclo=introspeccao | load=0.8352 | damage=1.0
2026-03-01T18:15:43.422743 | ciclo=introspeccao | load=0.8352 | damage=1.0
2026-03-01T18:17:13.682414 | ciclo=introspeccao | load=0.8352 | damage=1.0
2026-03-01T18:18:42.014681 | ciclo=introspeccao | load=0.8352 | damage=1.0
2026-03-01T18:20:09.573245 | ciclo=introspeccao | load=0.8352 | damage=1.0
2026-03-01T18:21:35.815421 | ciclo=introspeccao | load=0.8352 | damage=1.0
2026-03-01T18:23:03.854111 | ciclo=introspeccao | load=0.8352 | damage=1.0
2026-03-01T18:24:27.680746 | ciclo=introspeccao | load=0.8352 | damage=1.0
2026-03-01T18:25:53.054628 | ciclo=introspeccao | load=0.8352 | damage=1.0
2026-03-01T18:27:17.734187 | ciclo=introspeccao | load=0.8352 | damage=1.0
2026-03-01T18:28:39.580869 | ciclo=introspeccao | load=0.8352 | damage=1.0
2026-03-01T18:30:08.518743 | ciclo=introspeccao | load=0.8352 | damage=1.0
2026-03-01T18:31:39.647075 | ciclo=introspeccao | load=0.8352 | damage=1.0
2026-03-01T18:33:06.943581 | ciclo=introspeccao | load=0.8352 | damage=1.0
2026-03-01T18:34:37.023056 | ciclo=introspeccao | load=0.8352 | damage=1.0
2026-03-01T18:36:04.818964 | ciclo=introspeccao | load=0.8352 | damage=1.0
2026-03-01T18:37:33.321765 | ciclo=introspeccao | load=0.8352 | damage=1.0
2026-03-01T18:38:57.642492 | ciclo=introspeccao | load=0.8352 | damage=1.0
2026-03-01T18:40:20.765170 | ciclo=introspeccao | load=0.8352 | damage=1.0
2026-03-01T18:41:46.576244 | ciclo=introspeccao | load=0.8352 | damage=1.0
2026-03-01T18:43:12.839597 | ciclo=introspeccao | load=0.8352 | damage=1.0
2026-03-01T18:44:35.772519 | ciclo=introspeccao | load=0.8352 | damage=1.0
2026-03-01T18:46:01.527195 | ciclo=introspeccao | load=0.8352 | damage=1.0
2026-03-01T18:47:24.826034 | ciclo=introspeccao | load=0.8352 | damage=1.0
2026-03-01T18:48:52.771231 | ciclo=introspeccao | load=0.8352 | damage=1.0
2026-03-01T18:50:20.538869 | ciclo=introspeccao | load=0.8352 | damage=1.0
2026-03-01T18:51:50.436696 | ciclo=introspeccao | load=0.8352 | damage=1.0
2026-03-01T18:53:15.982648 | ciclo=introspeccao | load=0.8352 | damage=1.0
2026-03-01T18:54:42.054606 | ciclo=introspeccao | load=0.8352 | damage=1.0
2026-03-01T18:56:09.420174 | ciclo=introspeccao | load=0.8352 | damage=1.0
2026-03-01T18:57:34.919287 | ciclo=introspeccao | load=0.8352 | damage=1.0
2026-03-01T18:59:00.800527 | ciclo=introspeccao | load=0.8352 | damage=1.0
2026-03-01T19:00:24.788574 | ciclo=introspeccao | load=0.8352 | damage=1.0
2026-03-01T19:01:49.170983 | ciclo=introspeccao | load=0.8352 | damage=1.0
2026-03-01T19:03:15.037703 | ciclo=introspeccao | load=0.8352 | damage=1.0
2026-03-01T19:04:37.103115 | ciclo=introspeccao | load=0.8352 | damage=1.0
2026-03-01T19:06:04.453708 | ciclo=introspeccao | load=0.8352 | damage=1.0
2026-03-01T19:07:31.591740 | ciclo=introspeccao | load=0.8352 | damage=1.0
2026-03-01T19:08:57.813301 | ciclo=introspeccao | load=0.8352 | damage=1.0
2026-03-01T19:10:28.017501 | ciclo=introspeccao | load=0.8352 | damage=1.0
2026-03-01T19:11:20.910606 | ciclo=chat | load=0.8352 | damage=1.0
2026-03-01T19:11:57.127833 | ciclo=introspeccao | load=0.8352 | damage=1.0
2026-03-01T19:13:19.304628 | ciclo=introspeccao | load=0.8352 | damage=1.0
2026-03-01T19:14:42.709975 | ciclo=introspeccao | load=0.8352 | damage=1.0
2026-03-01T19:16:00.822606 | ciclo=introspeccao | load=0.8352 | damage=1.0
2026-03-01T19:32:50.544394 | ciclo=chat | load=0.8352 | damage=1.0
2026-03-01T19:32:52.910258 | ciclo=introspeccao | load=0.8352 | damage=1.0
2026-03-01T19:34:13.633515 | ciclo=introspeccao | load=0.8352 | damage=1.0
2026-03-01T19:35:36.968764 | ciclo=introspeccao | load=0.8352 | damage=1.0
2026-03-01T19:36:11.138537 | ciclo=chat | load=0.8352 | damage=1.0
2026-03-01T19:36:59.739731 | ciclo=introspeccao | load=0.8352 | damage=1.0
2026-03-01T19:37:38.799580 | ciclo=chat | load=0.8352 | damage=1.0
2026-03-01T19:38:25.615894 | ciclo=introspeccao | load=0.8352 | damage=1.0
2026-03-01T19:39:13.357349 | ciclo=chat | load=0.8352 | damage=1.0
2026-03-01T19:39:49.715172 | ciclo=introspeccao | load=0.8352 | damage=1.0
2026-03-01T19:40:44.511690 | ciclo=chat | load=0.8352 | damage=1.0
2026-03-01T19:41:19.646102 | ciclo=introspeccao | load=0.8352 | damage=1.0
2026-03-01T19:43:01.122949 | ciclo=introspeccao | load=0.8352 | damage=1.0
2026-03-01T19:44:24.675329 | ciclo=introspeccao | load=0.8352 | damage=1.0
2026-03-01T19:45:49.324644 | ciclo=introspeccao | load=0.8352 | damage=1.0
2026-03-01T19:47:12.146230 | ciclo=introspeccao | load=0.8352 | damage=1.0
2026-03-01T19:48:33.997434 | ciclo=introspeccao | load=0.8352 | damage=1.0
2026-03-01T19:49:56.781981 | ciclo=introspeccao | load=0.8352 | damage=1.0
2026-03-01T19:51:24.510712 | ciclo=introspeccao | load=0.8352 | damage=1.0
2026-03-02T18:47:33.732160 | ciclo=chat | load=0.8352 | damage=1.0
2026-03-02T18:47:43.310340 | ciclo=introspeccao | load=0.8352 | damage=1.0
2026-03-02T18:49:17.438988 | ciclo=introspeccao | load=0.8352 | damage=1.0
2026-03-02T18:50:43.917301 | ciclo=introspeccao | load=0.8352 | damage=1.0
2026-03-02T18:52:14.444374 | ciclo=introspeccao | load=0.8352 | damage=1.0
2026-03-02T18:53:47.867108 | ciclo=introspeccao | load=0.8352 | damage=1.0
2026-03-02T18:54:07.501778 | ciclo=chat | load=0.8352 | damage=1.0
2026-03-02T18:55:15.421399 | ciclo=introspeccao | load=0.8352 | damage=1.0
2026-03-02T18:56:38.246385 | ciclo=introspeccao | load=0.8352 | damage=1.0
2026-03-02T18:57:58.246755 | ciclo=introspeccao | load=0.8352 | damage=1.0
2026-03-02T18:59:23.969295 | ciclo=introspeccao | load=0.8352 | damage=1.0
2026-03-02T18:59:45.470596 | ciclo=chat | load=0.8352 | damage=1.0
2026-03-02T19:00:50.066684 | ciclo=introspeccao | load=0.8352 | damage=1.0
2026-03-02T19:02:17.499074 | ciclo=introspeccao | load=0.8352 | damage=1.0
2026-03-02T19:03:43.339392 | ciclo=introspeccao | load=0.8352 | damage=1.0
2026-03-02T19:05:07.485672 | ciclo=introspeccao | load=0.8352 | damage=1.0
2026-03-02T19:07:00.087294 | ciclo=chat | load=0.8352 | damage=1.0
2026-03-02T19:07:03.846158 | ciclo=introspeccao | load=0.8352 | damage=1.0
2026-03-02T19:08:24.561419 | ciclo=introspeccao | load=0.8352 | damage=1.0
2026-03-02T19:09:51.433966 | ciclo=introspeccao | load=0.8352 | damage=1.0
2026-03-02T19:11:27.641712 | ciclo=introspeccao | load=0.8352 | damage=1.0
2026-03-02T19:11:35.367715 | ciclo=chat | load=0.8352 | damage=1.0
2026-03-02T19:13:01.499018 | ciclo=introspeccao | load=0.8352 | damage=1.0
2026-03-02T19:14:37.397888 | ciclo=introspeccao | load=0.8352 | damage=1.0
2026-03-02T19:14:47.419306 | ciclo=chat | load=0.8352 | damage=1.0
2026-03-02T19:16:03.381029 | ciclo=introspeccao | load=0.8352 | damage=1.0
2026-03-02T19:17:32.207436 | ciclo=introspeccao | load=0.8352 | damage=1.0
2026-03-02T19:18:57.857260 | ciclo=introspeccao | load=0.8352 | damage=1.0
2026-03-02T19:20:26.169196 | ciclo=introspeccao | load=0.8352 | damage=1.0
2026-03-02T19:21:51.467464 | ciclo=introspeccao | load=0.8352 | damage=1.0
2026-03-02T19:23:30.952717 | ciclo=chat | load=0.8352 | damage=1.0
2026-03-02T19:23:35.126517 | ciclo=introspeccao | load=0.8352 | damage=1.0
2026-03-02T19:24:58.976310 | ciclo=introspeccao | load=0.8352 | damage=1.0
2026-03-02T19:26:23.254283 | ciclo=introspeccao | load=0.8352 | damage=1.0
2026-03-02T19:27:06.388812 | ciclo=chat | load=0.8352 | damage=1.0
2026-03-02T19:27:50.276447 | ciclo=introspeccao | load=0.8352 | damage=1.0
2026-03-02T19:28:34.895892 | ciclo=chat | load=0.8352 | damage=1.0
2026-03-02T19:29:08.582175 | ciclo=introspeccao | load=0.8352 | damage=1.0
2026-03-02T19:30:28.893876 | ciclo=introspeccao | load=0.8352 | damage=1.0
2026-03-02T19:30:50.899606 | ciclo=chat | load=0.8352 | damage=1.0
2026-03-02T19:31:50.977277 | ciclo=introspeccao | load=0.8352 | damage=1.0
2026-03-02T19:33:25.805443 | ciclo=introspeccao | load=0.8352 | damage=1.0
2026-03-02T19:35:05.912611 | ciclo=introspeccao | load=0.8352 | damage=1.0
2026-03-02T19:35:26.075536 | ciclo=chat | load=0.8352 | damage=1.0
2026-03-02T19:36:28.387792 | ciclo=introspeccao | load=0.8352 | damage=1.0
2026-03-02T19:37:56.455206 | ciclo=introspeccao | load=0.8352 | damage=1.0
2026-03-02T19:39:55.762046 | ciclo=chat | load=0.8352 | damage=1.0
2026-03-02T19:39:58.985084 | ciclo=introspeccao | load=0.8352 | damage=1.0
2026-03-02T19:41:27.224935 | ciclo=introspeccao | load=0.8352 | damage=1.0
2026-03-02T19:42:53.780681 | ciclo=introspeccao | load=0.8352 | damage=1.0
2026-03-02T19:44:22.518908 | ciclo=introspeccao | load=0.8352 | damage=1.0
2026-03-02T19:45:55.736897 | ciclo=chat | load=0.8352 | damage=1.0
2026-03-02T19:46:25.573785 | ciclo=introspeccao | load=0.8352 | damage=1.0
2026-03-02T19:47:53.205164 | ciclo=introspeccao | load=0.8352 | damage=1.0
2026-03-02T19:48:36.077429 | ciclo=chat | load=0.8352 | damage=1.0
2026-03-02T19:49:16.114499 | ciclo=introspeccao | load=0.8352 | damage=1.0
2026-03-02T19:50:42.496337 | ciclo=introspeccao | load=0.8352 | damage=1.0
2026-03-02T19:52:07.641510 | ciclo=introspeccao | load=0.8352 | damage=1.0
2026-03-02T19:53:34.493739 | ciclo=introspeccao | load=0.8352 | damage=1.0
2026-03-02T19:55:14.155466 | ciclo=introspeccao | load=0.8352 | damage=1.0
2026-03-02T19:55:30.839316 | ciclo=chat | load=0.8352 | damage=1.0
2026-03-02T19:56:43.635367 | ciclo=introspeccao | load=0.8352 | damage=1.0
2026-03-02T19:58:13.005912 | ciclo=introspeccao | load=0.8352 | damage=1.0
2026-03-02T19:59:43.809928 | ciclo=introspeccao | load=0.8352 | damage=1.0
2026-03-02T20:01:08.290624 | ciclo=introspeccao | load=0.8352 | damage=1.0
2026-03-02T20:02:36.869047 | ciclo=introspeccao | load=0.8352 | damage=1.0
2026-03-02T20:04:03.331795 | ciclo=introspeccao | load=0.8352 | damage=1.0
2026-03-02T20:05:31.783582 | ciclo=introspeccao | load=0.8352 | damage=1.0
2026-03-02T20:06:54.738657 | ciclo=introspeccao | load=0.8352 | damage=1.0
2026-03-02T20:08:24.348915 | ciclo=introspeccao | load=0.8352 | damage=1.0
2026-03-02T20:09:50.390094 | ciclo=introspeccao | load=0.8352 | damage=1.0
2026-03-02T20:11:15.371167 | ciclo=introspeccao | load=0.8352 | damage=1.0
2026-03-02T20:12:44.174517 | ciclo=introspeccao | load=0.8352 | damage=1.0
2026-03-02T20:14:09.060917 | ciclo=introspeccao | load=0.8352 | damage=1.0
2026-03-02T20:15:40.417404 | ciclo=introspeccao | load=0.8352 | damage=1.0
2026-03-02T20:17:09.754509 | ciclo=introspeccao | load=0.8352 | damage=1.0
2026-03-02T20:18:23.047139 | ciclo=chat | load=0.8352 | damage=1.0
2026-03-02T20:18:51.479734 | ciclo=introspeccao | load=0.8352 | damage=1.0
2026-03-02T20:20:19.619515 | ciclo=introspeccao | load=0.8352 | damage=1.0
2026-03-02T20:21:49.592131 | ciclo=introspeccao | load=0.8352 | damage=1.0
2026-03-02T20:23:15.932893 | ciclo=introspeccao | load=0.8352 | damage=1.0
2026-03-02T20:24:50.166332 | ciclo=introspeccao | load=0.8352 | damage=1.0
2026-03-02T20:25:15.608507 | ciclo=chat | load=0.8352 | damage=1.0
2026-03-02T20:26:14.594032 | ciclo=introspeccao | load=0.8352 | damage=1.0
2026-03-02T20:27:40.271854 | ciclo=introspeccao | load=0.8352 | damage=1.0
2026-03-02T20:29:07.317695 | ciclo=introspeccao | load=0.8352 | damage=1.0
2026-03-02T20:30:33.779205 | ciclo=introspeccao | load=0.8352 | damage=1.0
2026-03-02T20:31:59.638293 | ciclo=introspeccao | load=0.8352 | damage=1.0
2026-03-02T20:33:28.202836 | ciclo=introspeccao | load=0.8352 | damage=1.0
2026-03-02T20:34:58.927114 | ciclo=introspeccao | load=0.8352 | damage=1.0
2026-03-02T20:36:29.731863 | ciclo=introspeccao | load=0.8352 | damage=1.0
2026-03-02T20:37:58.580463 | ciclo=introspeccao | load=0.8352 | damage=1.0
2026-03-02T20:39:30.324687 | ciclo=introspeccao | load=0.8352 | damage=1.0
2026-03-02T20:41:00.509400 | ciclo=introspeccao | load=0.8352 | damage=1.0
2026-03-04T02:10:43.116767 | ciclo=repouso | load=0.8152 | damage=1.0
2026-03-04T02:11:40.111984 | ciclo=chat | load=0.8352 | damage=1.0
2026-03-04T02:21:20.426714 | ciclo=repouso | load=0.8152 | damage=1.0
2026-03-04T02:29:54.534064 | ciclo=chat | load=0.8352 | damage=1.0
2026-03-04T02:31:45.347629 | ciclo=repouso | load=0.8152 | damage=1.0
2026-03-04T02:32:51.127592 | ciclo=chat | load=0.8352 | damage=1.0
2026-03-04T02:40:20.997724 | ciclo=chat | load=0.8352 | damage=1.0
2026-03-04T02:42:11.039681 | ciclo=repouso | load=0.8152 | damage=1.0
2026-03-04T02:48:02.195527 | ciclo=chat | load=0.8352 | damage=1.0
2026-03-04T02:52:42.331400 | ciclo=repouso | load=0.8152 | damage=1.0
2026-03-04T02:56:33.490430 | ciclo=chat | load=0.8352 | damage=1.0
2026-03-04T03:03:15.229317 | ciclo=repouso | load=0.8152 | damage=1.0
2026-03-04T03:09:18.222939 | ciclo=chat | load=0.8352 | damage=1.0
2026-03-04T03:13:47.913970 | ciclo=repouso | load=0.8152 | damage=1.0
2026-03-04T03:14:11.983018 | ciclo=chat | load=0.8352 | damage=1.0
2026-03-04T03:24:16.464946 | ciclo=repouso | load=0.8152 | damage=1.0
2026-03-04T03:33:38.274822 | ciclo=repouso | load=0.8152 | damage=1.0
2026-03-04T03:44:10.967509 | ciclo=repouso | load=0.8152 | damage=1.0
2026-03-04T03:53:49.681584 | ciclo=chat | load=0.8352 | damage=1.0
2026-03-04T03:54:33.341039 | ciclo=repouso | load=0.8152 | damage=1.0
2026-03-04T03:55:11.952546 | ciclo=chat | load=0.8352 | damage=1.0
2026-03-04T03:56:07.999491 | ciclo=chat | load=0.8352 | damage=1.0
2026-03-04T03:57:19.198458 | ciclo=chat | load=0.8352 | damage=1.0
2026-03-04T04:05:03.374141 | ciclo=repouso | load=0.7613 | damage=1.0
2026-03-04T20:01:04.966885 | ciclo=introspeccao | load=0.8352 | damage=1.0
2026-03-04T20:02:32.863283 | ciclo=introspeccao | load=0.8352 | damage=1.0
2026-03-04T20:04:04.430509 | ciclo=introspeccao | load=0.8352 | damage=1.0
2026-03-04T20:05:34.079841 | ciclo=introspeccao | load=0.8352 | damage=1.0
2026-03-04T20:07:19.921395 | ciclo=introspeccao | load=0.8352 | damage=1.0
2026-03-04T20:08:46.977977 | ciclo=introspeccao | load=0.8352 | damage=1.0
2026-03-04T20:10:14.698489 | ciclo=introspeccao | load=0.8352 | damage=1.0
2026-03-04T20:11:52.658777 | ciclo=introspeccao | load=0.8352 | damage=1.0
2026-03-04T20:13:23.829503 | ciclo=introspeccao | load=0.8352 | damage=1.0
2026-03-04T20:14:55.794437 | ciclo=introspeccao | load=0.8352 | damage=1.0
2026-03-04T20:16:24.437386 | ciclo=introspeccao | load=0.8352 | damage=1.0
2026-03-04T20:17:49.373259 | ciclo=introspeccao | load=0.8352 | damage=1.0
2026-03-04T20:19:16.090836 | ciclo=introspeccao | load=0.8352 | damage=1.0
2026-03-04T20:20:48.128702 | ciclo=introspeccao | load=0.8352 | damage=1.0
2026-03-04T20:22:11.266223 | ciclo=introspeccao | load=0.8352 | damage=1.0
2026-03-04T20:23:50.308141 | ciclo=introspeccao | load=0.8161 | damage=1.0
2026-03-04T21:49:06.452741 | ciclo=introspeccao | load=0.8352 | damage=1.0
2026-03-04T21:50:41.682960 | ciclo=introspeccao | load=0.8352 | damage=1.0
2026-03-04T21:52:21.578442 | ciclo=introspeccao | load=0.8352 | damage=1.0
2026-03-04T21:54:07.523546 | ciclo=introspeccao | load=0.8352 | damage=1.0
2026-03-04T21:55:47.613828 | ciclo=introspeccao | load=0.8352 | damage=1.0
2026-03-04T21:57:24.406116 | ciclo=introspeccao | load=0.8352 | damage=1.0
2026-03-04T21:59:12.340374 | ciclo=chat | load=0.8352 | damage=1.0
2026-03-04T21:59:27.583197 | ciclo=introspeccao | load=0.8352 | damage=1.0
2026-03-04T22:01:11.778339 | ciclo=repouso | load=0.8152 | damage=1.0
2026-03-04T22:03:09.152265 | ciclo=chat | load=0.8352 | damage=1.0
2026-03-04T22:06:09.331038 | ciclo=chat | load=0.8352 | damage=1.0
2026-03-04T22:10:31.821326 | ciclo=vigilia | load=0.8352 | damage=1.0
2026-03-04T22:13:29.180790 | ciclo=vigilia | load=0.8352 | damage=1.0
2026-03-04T22:16:16.758696 | ciclo=vigilia | load=0.8352 | damage=1.0
2026-03-04T22:19:12.362519 | ciclo=vigilia | load=0.8352 | damage=1.0
2026-03-04T22:20:41.589376 | ciclo=chat | load=0.8352 | damage=1.0
2026-03-04T22:21:54.550482 | ciclo=vigilia | load=0.8352 | damage=1.0
2026-03-04T22:24:41.587731 | ciclo=vigilia | load=0.8352 | damage=1.0
2026-03-04T22:27:31.353275 | ciclo=vigilia | load=0.8352 | damage=1.0
2026-03-04T22:30:23.918924 | ciclo=vigilia | load=0.8352 | damage=1.0
2026-03-04T22:33:12.940744 | ciclo=vigilia | load=0.8352 | damage=1.0
2026-03-04T22:36:04.580544 | ciclo=vigilia | load=0.8352 | damage=1.0
2026-03-04T22:38:55.684112 | ciclo=vigilia | load=0.8352 | damage=1.0
2026-03-04T22:41:49.600195 | ciclo=vigilia | load=0.8352 | damage=1.0
2026-03-04T22:44:37.545167 | ciclo=vigilia | load=0.8352 | damage=1.0
2026-03-04T22:47:19.945630 | ciclo=vigilia | load=0.8352 | damage=1.0
2026-03-04T22:50:08.629260 | ciclo=vigilia | load=0.8352 | damage=1.0
2026-03-04T22:53:07.744763 | ciclo=vigilia | load=0.8352 | damage=1.0
2026-03-04T22:56:00.920723 | ciclo=vigilia | load=0.8352 | damage=1.0
2026-03-04T22:58:54.181543 | ciclo=vigilia | load=0.8352 | damage=1.0
2026-03-04T23:00:05.007212 | ciclo=chat | load=0.8352 | damage=1.0
2026-03-04T23:02:16.983570 | ciclo=vigilia | load=0.8352 | damage=1.0
2026-03-04T23:04:52.440899 | ciclo=chat | load=0.8352 | damage=1.0
2026-03-04T23:05:11.430776 | ciclo=vigilia | load=0.8352 | damage=1.0
2026-03-04T23:08:01.784496 | ciclo=vigilia | load=0.8352 | damage=1.0
2026-03-04T23:10:46.463224 | ciclo=vigilia | load=0.8352 | damage=1.0
2026-03-04T23:12:09.848146 | ciclo=chat | load=0.8352 | damage=1.0
2026-03-04T23:13:31.463310 | ciclo=vigilia | load=0.8352 | damage=1.0
2026-03-07T02:32:42.501700 | ciclo=vigilia | load=0.8352 | damage=1.0
2026-03-07T02:35:24.060017 | ciclo=vigilia | load=0.8352 | damage=1.0
2026-03-07T02:36:05.291038 | ciclo=vigilia | load=0.8352 | damage=1.0
2026-03-07T02:41:03.435674 | ciclo=vigilia | load=0.8352 | damage=1.0
2026-03-07T02:43:39.820942 | ciclo=vigilia | load=0.8352 | damage=1.0
2026-03-07T02:44:25.965027 | ciclo=vigilia | load=0.8352 | damage=1.0
2026-03-07T02:47:02.919305 | ciclo=vigilia | load=0.8352 | damage=1.0
2026-03-07T02:49:37.395981 | ciclo=vigilia | load=0.8352 | damage=1.0
2026-03-07T02:52:02.162992 | ciclo=vigilia | load=0.8352 | damage=1.0
2026-03-07T02:54:38.128763 | ciclo=vigilia | load=0.8352 | damage=1.0
2026-03-07T02:56:59.740423 | ciclo=vigilia | load=0.8352 | damage=1.0
2026-03-07T02:59:19.865997 | ciclo=vigilia | load=0.8352 | damage=1.0
2026-03-07T03:01:41.091316 | ciclo=vigilia | load=0.8352 | damage=1.0
2026-03-07T03:04:05.138917 | ciclo=vigilia | load=0.8352 | damage=1.0
2026-03-07T03:06:28.899671 | ciclo=vigilia | load=0.8352 | damage=1.0
2026-03-07T03:08:53.632856 | ciclo=vigilia | load=0.8352 | damage=1.0
2026-03-07T03:11:17.712843 | ciclo=vigilia | load=0.8352 | damage=1.0
2026-03-07T03:13:44.778809 | ciclo=vigilia | load=0.8352 | damage=1.0
2026-03-07T14:15:11.140276 | ciclo=vigilia | load=0.8352 | damage=1.0
2026-03-07T14:22:57.621393 | ciclo=chat | load=0.8352 | damage=1.0
2026-03-07T14:23:03.380554 | ciclo=vigilia | load=0.8352 | damage=1.0
2026-03-07T14:25:32.594962 | ciclo=vigilia | load=0.8352 | damage=1.0
2026-03-07T14:26:36.764683 | ciclo=vigilia | load=0.8352 | damage=1.0
2026-03-07T14:29:08.030314 | ciclo=vigilia | load=0.8352 | damage=1.0
2026-03-07T14:31:34.753363 | ciclo=vigilia | load=0.8352 | damage=1.0
2026-03-07T14:34:00.133501 | ciclo=vigilia | load=0.8352 | damage=1.0
2026-03-07T14:36:42.267069 | ciclo=vigilia | load=0.8352 | damage=1.0
2026-03-07T14:39:06.977657 | ciclo=vigilia | load=0.8352 | damage=1.0
2026-03-07T14:41:32.038299 | ciclo=vigilia | load=0.8352 | damage=1.0
2026-03-07T14:43:54.722245 | ciclo=vigilia | load=0.8352 | damage=1.0
2026-03-07T14:46:15.865345 | ciclo=vigilia | load=0.8352 | damage=1.0
2026-03-07T14:48:37.361481 | ciclo=vigilia | load=0.8352 | damage=1.0
2026-03-07T14:50:58.042388 | ciclo=vigilia | load=0.8352 | damage=1.0
2026-03-07T14:53:21.100900 | ciclo=vigilia | load=0.8352 | damage=1.0
2026-03-07T14:55:46.125674 | ciclo=vigilia | load=0.8352 | damage=1.0
2026-03-07T14:58:12.078349 | ciclo=vigilia | load=0.8352 | damage=1.0
2026-03-07T15:00:33.750680 | ciclo=vigilia | load=0.8352 | damage=1.0
2026-03-07T15:02:56.841975 | ciclo=vigilia | load=0.8352 | damage=1.0
2026-03-07T15:05:21.152007 | ciclo=vigilia | load=0.8352 | damage=1.0
2026-03-07T15:07:42.470779 | ciclo=vigilia | load=0.8352 | damage=1.0
2026-03-07T15:10:04.062832 | ciclo=vigilia | load=0.8352 | damage=1.0
2026-03-07T15:11:45.758704 | ciclo=chat | load=0.8352 | damage=1.0
2026-03-07T15:12:29.200192 | ciclo=vigilia | load=0.8352 | damage=1.0
2026-03-07T15:14:48.089589 | ciclo=vigilia | load=0.8352 | damage=1.0
2026-03-07T15:17:07.883082 | ciclo=vigilia | load=0.8352 | damage=1.0
2026-03-07T15:27:19.260975 | ciclo=vigilia | load=0.8352 | damage=1.0
2026-03-07T15:28:14.633017 | ciclo=vigilia | load=0.8352 | damage=1.0
2026-03-07T15:30:59.456150 | ciclo=vigilia | load=0.8352 | damage=1.0
2026-03-07T15:31:10.950424 | ciclo=chat | load=0.8352 | damage=1.0
2026-03-07T15:33:53.059010 | ciclo=vigilia | load=0.8352 | damage=1.0
2026-03-07T15:34:38.665988 | ciclo=vigilia | load=0.8352 | damage=1.0
2026-03-07T15:37:11.364670 | ciclo=vigilia | load=0.8352 | damage=1.0
2026-03-07T15:39:40.859876 | ciclo=vigilia | load=0.8352 | damage=1.0
2026-03-07T15:42:11.274217 | ciclo=vigilia | load=0.8352 | damage=1.0
2026-03-07T15:44:40.431080 | ciclo=vigilia | load=0.8352 | damage=1.0
2026-03-07T15:47:24.458889 | ciclo=vigilia | load=0.8352 | damage=1.0
2026-03-07T15:50:08.837557 | ciclo=chat | load=0.8352 | damage=1.0
2026-03-07T15:50:18.401777 | ciclo=vigilia | load=0.8352 | damage=1.0
2026-03-07T15:52:42.769230 | ciclo=vigilia | load=0.8352 | damage=1.0
2026-03-07T15:55:09.209931 | ciclo=vigilia | load=0.8352 | damage=1.0
2026-03-07T15:57:30.799419 | ciclo=vigilia | load=0.8352 | damage=1.0
2026-03-07T15:59:50.503380 | ciclo=vigilia | load=0.8352 | damage=1.0
2026-03-07T16:02:11.903047 | ciclo=vigilia | load=0.8352 | damage=1.0
2026-03-07T16:04:29.354859 | ciclo=vigilia | load=0.8352 | damage=1.0
2026-03-07T16:06:47.741025 | ciclo=vigilia | load=0.8352 | damage=1.0
2026-03-07T16:09:03.241952 | ciclo=vigilia | load=0.8352 | damage=1.0
2026-03-07T16:11:30.347746 | ciclo=vigilia | load=0.8352 | damage=1.0
2026-03-07T16:13:46.457632 | ciclo=vigilia | load=0.8352 | damage=1.0
2026-03-07T16:15:27.253470 | ciclo=chat | load=0.8352 | damage=1.0
2026-03-07T16:15:36.374859 | ciclo=vigilia | load=0.8352 | damage=1.0
2026-03-07T16:16:54.345054 | ciclo=chat | load=0.8352 | damage=1.0
2026-03-07T16:18:14.990524 | ciclo=vigilia | load=0.8352 | damage=1.0
2026-03-07T16:19:02.491348 | ciclo=vigilia | load=0.8352 | damage=1.0
2026-03-07T16:19:53.456396 | ciclo=vigilia | load=0.8352 | damage=1.0
2026-03-07T16:22:18.329749 | ciclo=vigilia | load=0.8352 | damage=1.0
2026-03-07T16:24:41.282075 | ciclo=vigilia | load=0.8352 | damage=1.0
2026-03-07T16:27:03.707514 | ciclo=vigilia | load=0.8352 | damage=1.0
2026-03-07T16:29:28.579412 | ciclo=vigilia | load=0.8352 | damage=1.0
